[2022-09-06 20:12:59] [in_common.php][Finding User Role] [username: cro][sql: SELECT role FROM user where user_id='cro'  AND status > 0 ]
[2022-09-06 20:15:42] [in_common.php][Finding User Role] [username: cro][sql: SELECT role FROM user where user_id='cro'  AND status > 0 ]
[2022-09-06 20:15:54] [in_common.php][Finding User Role] [username: admin][sql: SELECT role FROM user where user_id='admin'  AND status > 0 ]
[2022-09-06 21:29:12] [in_common.php][Finding User Role] [username: admin][sql: SELECT role FROM user where user_id='admin'  AND status > 0 ]
[2022-09-06 21:29:37] [in_common.php][Finding User Role] [username: admin][sql: SELECT role FROM user where user_id='admin'  AND status > 0 ]
[2022-09-06 21:29:40] [in_common.php][Finding User Role] [username: admin][sql: SELECT role FROM user where user_id='admin'  AND status > 0 ]
[2022-09-06 21:32:42] [in_common.php][Finding User Role] [username: admin][sql: SELECT role FROM user where user_id='admin'  AND status > 0 ]
[2022-09-06 21:33:28] [in_common.php][Finding User Role] [username: admin][sql: SELECT role FROM user where user_id='admin'  AND status > 0 ]
[2022-09-07 01:18:20] [in_common.php][Finding User Role] [username: ][sql: SELECT role FROM user where user_id=''  AND status > 0 ]
[2022-09-07 01:18:24] [in_common.php][Finding User Role] [username: admin][sql: SELECT role FROM user where user_id='admin'  AND status > 0 ]
[2022-09-07 01:18:29] [in_common.php][Finding User Role] [username: admin][sql: SELECT role FROM user where user_id='admin'  AND status > 0 ]
[2022-09-07 01:18:33] [in_common.php][Finding User Role] [username: admin][sql: SELECT role FROM user where user_id='admin'  AND status > 0 ]
[2022-09-07 01:18:38] [in_common.php][Finding User Role] [username: admin][sql: SELECT role FROM user where user_id='admin'  AND status > 0 ]
[2022-09-07 01:28:46] [in_common.php][Finding User Role] [username: admin][sql: SELECT role FROM user where user_id='admin'  AND status > 0 ]
[2022-09-07 16:22:25] [in_common.php][Finding User Role] [username: admin][sql: SELECT role FROM user where user_id='admin'  AND status > 0 ]
[2022-09-07 16:22:32] [in_common.php][Finding User Role] [username: admin][sql: SELECT role FROM user where user_id='admin'  AND status > 0 ]
[2022-09-07 16:23:58] [in_common.php][Finding User Role] [username: ops][sql: SELECT role FROM user where user_id='ops'  AND status > 0 ]
[2022-09-07 16:24:05] [in_common.php][Finding User Role] [username: ops][sql: SELECT role FROM user where user_id='ops'  AND status > 0 ]
[2022-09-07 16:24:07] [in_common.php][Finding User Role] [username: ops][sql: SELECT role FROM user where user_id='ops'  AND status > 0 ]
[2022-09-07 16:24:13] [in_common.php][Finding User Role] [username: ops][sql: SELECT role FROM user where user_id='ops'  AND status > 0 ]
[2022-09-07 18:47:52] [in_common.php][Finding User Role] [username: ][sql: SELECT role FROM user where user_id=''  AND status > 0 ]
[2022-09-07 18:47:57] [in_common.php][Finding User Role] [username: admin][sql: SELECT role FROM user where user_id='admin'  AND status > 0 ]
[2022-09-09 13:46:43] [in_common.php][Finding User Role] [username: admin][sql: SELECT role FROM user where user_id='admin'  AND status > 0 ]
[2022-09-09 13:46:52] [in_common.php][Finding User Role] [username: admin][sql: SELECT role FROM user where user_id='admin'  AND status > 0 ]
[2022-09-09 13:46:53] [in_common.php][Finding User Role] [username: admin][sql: SELECT role FROM user where user_id='admin'  AND status > 0 ]
[2022-09-09 13:47:30] [in_common.php][Finding User Role] [username: admin][sql: SELECT role FROM user where user_id='admin'  AND status > 0 ]
[2022-09-09 13:47:31] [in_common.php][Finding User Role] [username: admin][sql: SELECT role FROM user where user_id='admin'  AND status > 0 ]
[2022-09-09 13:47:38] [in_common.php][Finding User Role] [username: admin][sql: SELECT role FROM user where user_id='admin'  AND status > 0 ]
[2022-09-09 13:47:39] [in_common.php][Finding User Role] [username: admin][sql: SELECT role FROM user where user_id='admin'  AND status > 0 ]
[2022-09-09 15:34:56] [in_common.php][Finding User Role] [username: cro][sql: SELECT role FROM user where user_id='cro'  AND status > 0 ]
[2022-09-09 15:36:19] [in_common.php][Finding User Role] [username: cro][sql: SELECT role FROM user where user_id='cro'  AND status > 0 ]
[2022-09-09 15:36:31] [in_common.php][Finding User Role] [username: cro][sql: SELECT role FROM user where user_id='cro'  AND status > 0 ]
[2022-09-09 15:37:01] [in_common.php][Finding User Role] [username: ops][sql: SELECT role FROM user where user_id='ops'  AND status > 0 ]
[2022-09-09 15:37:06] [in_common.php][Finding User Role] [username: ops][sql: SELECT role FROM user where user_id='ops'  AND status > 0 ]
[2022-09-09 15:37:09] [in_common.php][Finding User Role] [username: ops][sql: SELECT role FROM user where user_id='ops'  AND status > 0 ]
[2022-09-09 15:37:59] [in_common.php][Finding User Role] [username: bulk_unsub][sql: SELECT role FROM user where user_id='bulk_unsub'  AND status > 0 ]
[2022-09-09 15:41:00] [in_common.php][Finding User Role] [username: bulk_unsub][sql: SELECT role FROM user where user_id='bulk_unsub'  AND status > 0 ]
[2022-09-09 15:41:04] [in_common.php][Finding User Role] [username: bulk_unsub][sql: SELECT role FROM user where user_id='bulk_unsub'  AND status > 0 ]
[2022-09-09 15:41:06] [in_common.php][Finding User Role] [username: bulk_unsub][sql: SELECT role FROM user where user_id='bulk_unsub'  AND status > 0 ]
[2022-09-09 15:41:07] [in_common.php][Finding User Role] [username: bulk_unsub][sql: SELECT role FROM user where user_id='bulk_unsub'  AND status > 0 ]
[2022-09-09 18:17:26] [in_common.php][Finding User Role] [username: ][sql: SELECT role FROM user where user_id=''  AND status > 0 ]
[2022-09-13 18:08:24] [in_common.php][Finding User Role] [username: admin][sql: SELECT role FROM user where user_id='admin'  AND status > 0 ]
[2022-09-13 18:10:19] [in_common.php][Finding User Role] [username: admin][sql: SELECT role FROM user where user_id='admin'  AND status > 0 ]
[2022-09-13 18:52:44] [in_common.php][Finding User Role] [username: admin][sql: SELECT role FROM user where user_id='admin'  AND status > 0 ]
[2022-09-13 18:52:51] [in_common.php][Finding User Role] [username: admin][sql: SELECT role FROM user where user_id='admin'  AND status > 0 ]
[2022-09-14 15:22:54] [in_common.php][Finding User Role] [username: bulk_unsub][sql: SELECT role FROM user where user_id='bulk_unsub'  AND status > 0 ]
[2022-09-14 15:23:45] [in_common.php][Finding User Role] [username: batch_user][sql: SELECT role FROM user where user_id='batch_user'  AND status > 0 ]
[2022-09-14 15:24:22] [in_common.php][Finding User Role] [username: cro][sql: SELECT role FROM user where user_id='cro'  AND status > 0 ]
[2022-09-14 15:25:03] [in_common.php][Finding User Role] [username: batch_user][sql: SELECT role FROM user where user_id='batch_user'  AND status > 0 ]
[2022-09-14 15:27:16] [in_common.php][Finding User Role] [username: batch_user][sql: SELECT role FROM user where user_id='batch_user'  AND status > 0 ]
[2022-09-14 15:27:20] [in_common.php][Finding User Role] [username: batch_user][sql: SELECT role FROM user where user_id='batch_user'  AND status > 0 ]
[2022-09-14 15:30:39] [in_common.php][Finding User Role] [username: batch_user][sql: SELECT role FROM user where user_id='batch_user'  AND status > 0 ]
[2022-09-14 15:30:44] [in_common.php][Finding User Role] [username: batch_user][sql: SELECT role FROM user where user_id='batch_user'  AND status > 0 ]
[2022-09-14 15:30:45] [in_common.php][Finding User Role] [username: batch_user][sql: SELECT role FROM user where user_id='batch_user'  AND status > 0 ]
[2022-09-14 15:30:46] [in_common.php][Finding User Role] [username: batch_user][sql: SELECT role FROM user where user_id='batch_user'  AND status > 0 ]
[2022-09-14 15:30:47] [in_common.php][Finding User Role] [username: batch_user][sql: SELECT role FROM user where user_id='batch_user'  AND status > 0 ]
[2022-09-14 15:30:48] [in_common.php][Finding User Role] [username: batch_user][sql: SELECT role FROM user where user_id='batch_user'  AND status > 0 ]
[2022-09-14 15:30:49] [in_common.php][Finding User Role] [username: batch_user][sql: SELECT role FROM user where user_id='batch_user'  AND status > 0 ]
[2022-09-14 15:30:49] [in_common.php][Finding User Role] [username: batch_user][sql: SELECT role FROM user where user_id='batch_user'  AND status > 0 ]
[2022-09-14 15:30:50] [in_common.php][Finding User Role] [username: batch_user][sql: SELECT role FROM user where user_id='batch_user'  AND status > 0 ]
[2022-09-14 15:30:51] [in_common.php][Finding User Role] [username: batch_user][sql: SELECT role FROM user where user_id='batch_user'  AND status > 0 ]
[2022-09-14 15:30:54] [in_common.php][Finding User Role] [username: batch_user][sql: SELECT role FROM user where user_id='batch_user'  AND status > 0 ]
[2022-09-14 15:30:54] [in_common.php][Finding User Role] [username: batch_user][sql: SELECT role FROM user where user_id='batch_user'  AND status > 0 ]
[2022-09-14 15:30:54] [in_common.php][Finding User Role] [username: batch_user][sql: SELECT role FROM user where user_id='batch_user'  AND status > 0 ]
[2022-09-14 15:30:55] [in_common.php][Finding User Role] [username: batch_user][sql: SELECT role FROM user where user_id='batch_user'  AND status > 0 ]
[2022-09-14 15:30:56] [in_common.php][Finding User Role] [username: batch_user][sql: SELECT role FROM user where user_id='batch_user'  AND status > 0 ]
[2022-09-14 15:30:56] [in_common.php][Finding User Role] [username: batch_user][sql: SELECT role FROM user where user_id='batch_user'  AND status > 0 ]
[2022-09-14 15:30:57] [in_common.php][Finding User Role] [username: batch_user][sql: SELECT role FROM user where user_id='batch_user'  AND status > 0 ]
[2022-09-14 15:32:24] [in_common.php][Finding User Role] [username: batch_user][sql: SELECT role FROM user where user_id='batch_user'  AND status > 0 ]
[2022-09-14 15:32:26] [in_common.php][Finding User Role] [username: batch_user][sql: SELECT role FROM user where user_id='batch_user'  AND status > 0 ]
[2022-09-14 15:32:26] [in_common.php][Finding User Role] [username: batch_user][sql: SELECT role FROM user where user_id='batch_user'  AND status > 0 ]
[2022-09-14 15:32:32] [in_common.php][Finding User Role] [username: batch_user][sql: SELECT role FROM user where user_id='batch_user'  AND status > 0 ]
[2022-09-14 15:32:34] [in_common.php][Finding User Role] [username: batch_user][sql: SELECT role FROM user where user_id='batch_user'  AND status > 0 ]
[2022-09-14 15:32:38] [in_common.php][Finding User Role] [username: batch_user][sql: SELECT role FROM user where user_id='batch_user'  AND status > 0 ]
[2022-09-14 15:32:55] [in_common.php][Finding User Role] [username: batch_user][sql: SELECT role FROM user where user_id='batch_user'  AND status > 0 ]
[2022-09-14 15:33:05] [in_common.php][Finding User Role] [username: batch_user][sql: SELECT role FROM user where user_id='batch_user'  AND status > 0 ]
[2022-09-14 15:33:07] [in_common.php][Finding User Role] [username: batch_user][sql: SELECT role FROM user where user_id='batch_user'  AND status > 0 ]
[2022-09-14 15:35:18] [in_common.php][Finding User Role] [username: batch_user][sql: SELECT role FROM user where user_id='batch_user'  AND status > 0 ]
[2022-09-14 15:35:23] [in_common.php][Finding User Role] [username: batch_user][sql: SELECT role FROM user where user_id='batch_user'  AND status > 0 ]
[2022-09-14 15:35:25] [in_common.php][Finding User Role] [username: batch_user][sql: SELECT role FROM user where user_id='batch_user'  AND status > 0 ]
[2022-09-14 15:35:26] [in_common.php][Finding User Role] [username: batch_user][sql: SELECT role FROM user where user_id='batch_user'  AND status > 0 ]
[2022-09-14 15:35:44] [in_common.php][Finding User Role] [username: batch_user][sql: SELECT role FROM user where user_id='batch_user'  AND status > 0 ]
[2022-09-14 15:35:44] [in_common.php][Finding User Role] [username: batch_user][sql: SELECT role FROM user where user_id='batch_user'  AND status > 0 ]
[2022-09-14 15:35:45] [in_common.php][Finding User Role] [username: batch_user][sql: SELECT role FROM user where user_id='batch_user'  AND status > 0 ]
[2022-09-14 15:35:46] [in_common.php][Finding User Role] [username: batch_user][sql: SELECT role FROM user where user_id='batch_user'  AND status > 0 ]
[2022-09-14 15:37:17] [in_common.php][Finding User Role] [username: batch_user][sql: SELECT role FROM user where user_id='batch_user'  AND status > 0 ]
[2022-09-14 15:37:18] [in_common.php][Finding User Role] [username: batch_user][sql: SELECT role FROM user where user_id='batch_user'  AND status > 0 ]
[2022-09-14 15:37:21] [in_common.php][Finding User Role] [username: batch_user][sql: SELECT role FROM user where user_id='batch_user'  AND status > 0 ]
[2022-09-14 15:37:21] [in_common.php][Finding User Role] [username: batch_user][sql: SELECT role FROM user where user_id='batch_user'  AND status > 0 ]
[2022-09-14 15:37:22] [in_common.php][Finding User Role] [username: batch_user][sql: SELECT role FROM user where user_id='batch_user'  AND status > 0 ]
[2022-09-14 15:37:45] [in_common.php][Finding User Role] [username: batch_user][sql: SELECT role FROM user where user_id='batch_user'  AND status > 0 ]
[2022-09-14 15:37:46] [in_common.php][Finding User Role] [username: batch_user][sql: SELECT role FROM user where user_id='batch_user'  AND status > 0 ]
[2022-09-14 15:37:46] [in_common.php][Finding User Role] [username: batch_user][sql: SELECT role FROM user where user_id='batch_user'  AND status > 0 ]
[2022-09-14 15:37:47] [in_common.php][Finding User Role] [username: batch_user][sql: SELECT role FROM user where user_id='batch_user'  AND status > 0 ]
[2022-09-14 15:38:02] [in_common.php][Finding User Role] [username: batch_user][sql: SELECT role FROM user where user_id='batch_user'  AND status > 0 ]
[2022-09-14 15:38:09] [in_common.php][Finding User Role] [username: batch_user][sql: SELECT role FROM user where user_id='batch_user'  AND status > 0 ]
[2022-09-14 15:39:04] [in_common.php][Finding User Role] [username: batch_user][sql: SELECT role FROM user where user_id='batch_user'  AND status > 0 ]
[2022-09-14 15:39:09] [in_common.php][Finding User Role] [username: batch_user][sql: SELECT role FROM user where user_id='batch_user'  AND status > 0 ]
[2022-09-14 15:45:10] [in_common.php][Finding User Role] [username: batch_user][sql: SELECT role FROM user where user_id='batch_user'  AND status > 0 ]
[2022-09-14 15:45:12] [in_common.php][Finding User Role] [username: batch_user][sql: SELECT role FROM user where user_id='batch_user'  AND status > 0 ]
[2022-09-14 15:45:14] [in_common.php][Finding User Role] [username: batch_user][sql: SELECT role FROM user where user_id='batch_user'  AND status > 0 ]
[2022-09-14 15:45:15] [in_common.php][Finding User Role] [username: batch_user][sql: SELECT role FROM user where user_id='batch_user'  AND status > 0 ]
[2022-09-14 15:46:53] [in_common.php][Finding User Role] [username: cro][sql: SELECT role FROM user where user_id='cro'  AND status > 0 ]
[2022-09-14 15:47:01] [in_common.php][Finding User Role] [username: cro][sql: SELECT role FROM user where user_id='cro'  AND status > 0 ]
[2022-09-14 15:47:02] [in_common.php][Finding User Role] [username: cro][sql: SELECT role FROM user where user_id='cro'  AND status > 0 ]
[2022-09-14 15:47:04] [in_common.php][Finding User Role] [username: cro][sql: SELECT role FROM user where user_id='cro'  AND status > 0 ]
[2022-09-14 15:47:05] [in_common.php][Finding User Role] [username: cro][sql: SELECT role FROM user where user_id='cro'  AND status > 0 ]
[2022-09-14 15:47:40] [in_common.php][Finding User Role] [username: cro][sql: SELECT role FROM user where user_id='cro'  AND status > 0 ]
[2022-09-14 15:53:16] [in_common.php][Finding User Role] [username: batch_user][sql: SELECT role FROM user where user_id='batch_user'  AND status > 0 ]
[2022-09-14 15:53:21] [in_common.php][Finding User Role] [username: batch_user][sql: SELECT role FROM user where user_id='batch_user'  AND status > 0 ]
[2022-09-14 15:53:21] [in_common.php][Finding User Role] [username: batch_user][sql: SELECT role FROM user where user_id='batch_user'  AND status > 0 ]
[2022-09-14 15:53:21] [in_common.php][Finding User Role] [username: batch_user][sql: SELECT role FROM user where user_id='batch_user'  AND status > 0 ]
[2022-09-14 15:53:23] [in_common.php][Finding User Role] [username: batch_user][sql: SELECT role FROM user where user_id='batch_user'  AND status > 0 ]
[2022-09-14 15:53:24] [in_common.php][Finding User Role] [username: batch_user][sql: SELECT role FROM user where user_id='batch_user'  AND status > 0 ]
[2022-09-14 15:53:26] [in_common.php][Finding User Role] [username: batch_user][sql: SELECT role FROM user where user_id='batch_user'  AND status > 0 ]
[2022-09-14 15:53:26] [in_common.php][Finding User Role] [username: batch_user][sql: SELECT role FROM user where user_id='batch_user'  AND status > 0 ]
[2022-09-14 15:53:27] [in_common.php][Finding User Role] [username: batch_user][sql: SELECT role FROM user where user_id='batch_user'  AND status > 0 ]
[2022-09-14 15:53:29] [in_common.php][Finding User Role] [username: batch_user][sql: SELECT role FROM user where user_id='batch_user'  AND status > 0 ]
[2022-09-14 15:53:30] [in_common.php][Finding User Role] [username: batch_user][sql: SELECT role FROM user where user_id='batch_user'  AND status > 0 ]
[2022-09-14 17:27:00] [in_common.php][Finding User Role] [username: bulk_unsub][sql: SELECT role FROM user where user_id='bulk_unsub'  AND status > 0 ]
[2022-09-14 17:29:52] [in_common.php][Finding User Role] [username: paid_wall_unsub][sql: SELECT role FROM user where user_id='paid_wall_unsub'  AND status > 0 ]
[2022-09-14 17:29:54] [in_common.php][Finding User Role] [username: paid_wall_unsub][sql: SELECT role FROM user where user_id='paid_wall_unsub'  AND status > 0 ]
[2022-09-14 17:30:29] [in_common.php][Finding User Role] [username: paid_wall_unsub][sql: SELECT role FROM user where user_id='paid_wall_unsub'  AND status > 0 ]
[2022-09-15 11:46:05] [in_common.php][Finding User Role] [username: ][sql: SELECT role FROM user where user_id=''  AND status > 0 ]
[2022-09-15 14:06:37] [in_common.php][Finding User Role] [username: cro][sql: SELECT role FROM user where user_id='cro'  AND status > 0 ]
[2022-09-15 14:07:48] [in_common.php][Finding User Role] [username: ][sql: SELECT role FROM user where user_id=''  AND status > 0 ]
[2022-09-15 14:16:19] [in_common.php][Finding User Role] [username: cro][sql: SELECT role FROM user where user_id='cro'  AND status > 0 ]
[2022-09-15 14:16:25] [in_common.php][Finding User Role] [username: ][sql: SELECT role FROM user where user_id=''  AND status > 0 ]
[2022-09-22 19:32:00] [in_common.php][Finding User Role] [username: admin][sql: SELECT role FROM user where user_id='admin'  AND status > 0 ]
[2022-09-22 19:32:07] [in_common.php][Finding User Role] [username: admin][sql: SELECT role FROM user where user_id='admin'  AND status > 0 ]
[2022-09-22 20:41:37] [in_common.php][Finding User Role] [username: bulk_unsub][sql: SELECT role FROM user where user_id='bulk_unsub'  AND status > 0 ]
[2022-09-22 20:41:41] [in_common.php][Finding User Role] [username: bulk_unsub][sql: SELECT role FROM user where user_id='bulk_unsub'  AND status > 0 ]
[2022-09-22 20:41:44] [in_common.php][Finding User Role] [username: bulk_unsub][sql: SELECT role FROM user where user_id='bulk_unsub'  AND status > 0 ]
[2022-09-22 20:41:50] [in_common.php][Finding User Role] [username: ][sql: SELECT role FROM user where user_id=''  AND status > 0 ]
[2022-09-22 20:50:33] [in_common.php][Finding User Role] [username: bulk_unsub][sql: SELECT role FROM user where user_id='bulk_unsub'  AND status > 0 ]
[2022-09-23 15:28:21] [in_common.php][Finding User Role] [username: ][sql: SELECT role FROM user where user_id=''  AND status > 0 ]
[2022-09-23 15:34:06] [in_common.php][Finding User Role] [username: bulk_unsub][sql: SELECT role FROM user where user_id='bulk_unsub'  AND status > 0 ]
[2022-09-24 11:44:38] [in_common.php][Finding User Role] [username: ][sql: SELECT role FROM user where user_id=''  AND status > 0 ]
[2022-09-24 12:05:41] [in_common.php][Finding User Role] [username: bulk_unsub][sql: SELECT role FROM user where user_id='bulk_unsub'  AND status > 0 ]
[2022-09-24 12:06:13] [in_common.php][Finding User Role] [username: bulk_unsub][sql: SELECT role FROM user where user_id='bulk_unsub'  AND status > 0 ]
[2022-09-24 12:07:40] [in_common.php][Finding User Role] [username: bulk_unsub][sql: SELECT role FROM user where user_id='bulk_unsub'  AND status > 0 ]
[2022-09-24 12:14:57] [in_common.php][Finding User Role] [username: bulk_unsub][sql: SELECT role FROM user where user_id='bulk_unsub'  AND status > 0 ]
[2022-09-24 18:33:39] [in_common.php][Finding User Role] [username: bulk_unsub][sql: SELECT role FROM user where user_id='bulk_unsub'  AND status > 0 ]
[2022-09-24 18:44:46] [in_common.php][Finding User Role] [username: bulk_unsub][sql: SELECT role FROM user where user_id='bulk_unsub'  AND status > 0 ]
[2022-09-24 18:49:42] [in_common.php][Finding User Role] [username: bulk_unsub][sql: SELECT role FROM user where user_id='bulk_unsub'  AND status > 0 ]
[2022-09-24 18:49:49] [in_common.php][Finding User Role] [username: bulk_unsub][sql: SELECT role FROM user where user_id='bulk_unsub'  AND status > 0 ]
[2022-09-24 18:50:01] [in_common.php][Finding User Role] [username: bulk_unsub][sql: SELECT role FROM user where user_id='bulk_unsub'  AND status > 0 ]
[2022-09-24 18:50:21] [in_common.php][Finding User Role] [username: bulk_unsub][sql: SELECT role FROM user where user_id='bulk_unsub'  AND status > 0 ]
[2022-09-24 18:50:44] [in_common.php][Finding User Role] [username: bulk_unsub][sql: SELECT role FROM user where user_id='bulk_unsub'  AND status > 0 ]
[2022-09-24 18:52:54] [in_common.php][Finding User Role] [username: bulk_unsub][sql: SELECT role FROM user where user_id='bulk_unsub'  AND status > 0 ]
[2022-09-24 18:53:09] [in_common.php][Finding User Role] [username: bulk_unsub][sql: SELECT role FROM user where user_id='bulk_unsub'  AND status > 0 ]
[2022-09-24 18:53:18] [in_common.php][Finding User Role] [username: bulk_unsub][sql: SELECT role FROM user where user_id='bulk_unsub'  AND status > 0 ]
[2022-09-24 18:53:20] [in_common.php][Finding User Role] [username: bulk_unsub][sql: SELECT role FROM user where user_id='bulk_unsub'  AND status > 0 ]
[2022-09-24 18:53:36] [in_common.php][Finding User Role] [username: bulk_unsub][sql: SELECT role FROM user where user_id='bulk_unsub'  AND status > 0 ]
[2022-09-24 18:57:32] [in_common.php][Finding User Role] [username: bulk_unsub][sql: SELECT role FROM user where user_id='bulk_unsub'  AND status > 0 ]
[2022-09-24 19:02:26] [in_common.php][Finding User Role] [username: bulk_unsub][sql: SELECT role FROM user where user_id='bulk_unsub'  AND status > 0 ]
[2022-09-24 19:03:07] [in_common.php][Finding User Role] [username: bulk_unsub][sql: SELECT role FROM user where user_id='bulk_unsub'  AND status > 0 ]
[2022-09-24 19:03:24] [in_common.php][Finding User Role] [username: bulk_unsub][sql: SELECT role FROM user where user_id='bulk_unsub'  AND status > 0 ]
[2022-09-24 19:04:00] [in_common.php][Finding User Role] [username: bulk_unsub][sql: SELECT role FROM user where user_id='bulk_unsub'  AND status > 0 ]
[2022-09-24 19:04:10] [in_common.php][Finding User Role] [username: bulk_unsub][sql: SELECT role FROM user where user_id='bulk_unsub'  AND status > 0 ]
[2022-09-24 19:08:16] [in_common.php][Finding User Role] [username: bulk_unsub][sql: SELECT role FROM user where user_id='bulk_unsub'  AND status > 0 ]
[2022-09-24 19:08:32] [in_common.php][Finding User Role] [username: bulk_unsub][sql: SELECT role FROM user where user_id='bulk_unsub'  AND status > 0 ]
[2022-09-24 19:23:17] [in_common.php][Finding User Role] [username: bulk_unsub][sql: SELECT role FROM user where user_id='bulk_unsub'  AND status > 0 ]
[2022-09-24 19:32:12] [in_common.php][Finding User Role] [username: bulk_unsub][sql: SELECT role FROM user where user_id='bulk_unsub'  AND status > 0 ]
[2022-09-24 19:37:34] [in_common.php][Finding User Role] [username: bulk_unsub][sql: SELECT role FROM user where user_id='bulk_unsub'  AND status > 0 ]
[2022-09-24 23:12:55] [in_common.php][Finding User Role] [username: bulk_unsub][sql: SELECT role FROM user where user_id='bulk_unsub'  AND status > 0 ]
[2022-09-24 23:37:10] [in_common.php][Finding User Role] [username: cro][sql: SELECT role FROM user where user_id='cro'  AND status > 0 ]
[2022-09-24 23:37:50] [in_common.php][Finding User Role] [username: ops][sql: SELECT role FROM user where user_id='ops'  AND status > 0 ]
[2022-09-24 23:38:25] [in_common.php][Finding User Role] [username: crop][sql: SELECT role FROM user where user_id='crop'  AND status > 0 ]
[2022-09-24 23:38:33] [in_common.php][Finding User Role] [username: crop][sql: SELECT role FROM user where user_id='crop'  AND status > 0 ]
[2022-09-24 23:38:48] [in_common.php][Finding User Role] [username: paid_wall_unsub][sql: SELECT role FROM user where user_id='paid_wall_unsub'  AND status > 0 ]
[2022-09-26 22:40:58] [in_common.php][Finding User Role] [username: bulk_unsub][sql: SELECT role FROM user where user_id='bulk_unsub'  AND status > 0 ]
[2022-09-26 22:41:39] [in_common.php][Finding User Role] [username: bulk_unsub][sql: SELECT role FROM user where user_id='bulk_unsub'  AND status > 0 ]
[2022-09-26 22:41:45] [in_common.php][Finding User Role] [username: bulk_unsub][sql: SELECT role FROM user where user_id='bulk_unsub'  AND status > 0 ]
[2022-09-26 22:41:47] [in_common.php][Finding User Role] [username: bulk_unsub][sql: SELECT role FROM user where user_id='bulk_unsub'  AND status > 0 ]
[2022-09-26 22:42:04] [in_common.php][Finding User Role] [username: bulk_unsub][sql: SELECT role FROM user where user_id='bulk_unsub'  AND status > 0 ]
[2022-09-26 22:43:15] [in_common.php][Finding User Role] [username: bulk_unsub][sql: SELECT role FROM user where user_id='bulk_unsub'  AND status > 0 ]
[2022-09-26 22:43:16] [in_common.php][Finding User Role] [username: bulk_unsub][sql: SELECT role FROM user where user_id='bulk_unsub'  AND status > 0 ]
[2022-09-26 22:43:18] [in_common.php][Finding User Role] [username: bulk_unsub][sql: SELECT role FROM user where user_id='bulk_unsub'  AND status > 0 ]
[2022-09-26 22:43:22] [in_common.php][Finding User Role] [username: bulk_unsub][sql: SELECT role FROM user where user_id='bulk_unsub'  AND status > 0 ]
[2022-09-26 22:53:32] [in_common.php][Finding User Role] [username: bulk_unsub][sql: SELECT role FROM user where user_id='bulk_unsub'  AND status > 0 ]
[2022-09-26 22:53:35] [in_common.php][Finding User Role] [username: bulk_unsub][sql: SELECT role FROM user where user_id='bulk_unsub'  AND status > 0 ]
[2022-09-26 22:53:42] [in_common.php][Finding User Role] [username: ][sql: SELECT role FROM user where user_id=''  AND status > 0 ]
[2022-09-26 22:53:43] [in_common.php][Finding User Role] [username: bulk_unsub][sql: SELECT role FROM user where user_id='bulk_unsub'  AND status > 0 ]
[2022-09-26 22:54:19] [in_common.php][Finding User Role] [username: bulk_unsub][sql: SELECT role FROM user where user_id='bulk_unsub'  AND status > 0 ]
[2022-09-26 23:02:56] [in_common.php][Finding User Role] [username: bulk_unsub][sql: SELECT role FROM user where user_id='bulk_unsub'  AND status > 0 ]
[2022-09-26 23:02:59] [in_common.php][Finding User Role] [username: bulk_unsub][sql: SELECT role FROM user where user_id='bulk_unsub'  AND status > 0 ]
[2022-09-26 23:03:11] [in_common.php][Finding User Role] [username: bulk_unsub][sql: SELECT role FROM user where user_id='bulk_unsub'  AND status > 0 ]
[2022-09-26 23:06:05] [in_common.php][Finding User Role] [username: bulk_unsub][sql: SELECT role FROM user where user_id='bulk_unsub'  AND status > 0 ]
[2022-09-26 23:06:27] [in_common.php][Finding User Role] [username: bulk_unsub][sql: SELECT role FROM user where user_id='bulk_unsub'  AND status > 0 ]
[2022-09-26 23:18:14] [in_common.php][Finding User Role] [username: bulk_unsub][sql: SELECT role FROM user where user_id='bulk_unsub'  AND status > 0 ]
[2022-09-26 23:18:37] [in_common.php][Finding User Role] [username: bulk_unsub][sql: SELECT role FROM user where user_id='bulk_unsub'  AND status > 0 ]
[2022-09-26 23:18:39] [in_common.php][Finding User Role] [username: bulk_unsub][sql: SELECT role FROM user where user_id='bulk_unsub'  AND status > 0 ]
[2022-09-26 23:19:08] [in_common.php][Finding User Role] [username: bulk_unsub][sql: SELECT role FROM user where user_id='bulk_unsub'  AND status > 0 ]
[2022-09-26 23:19:45] [in_common.php][Finding User Role] [username: bulk_unsub][sql: SELECT role FROM user where user_id='bulk_unsub'  AND status > 0 ]
[2022-09-26 23:21:08] [in_common.php][Finding User Role] [username: bulk_unsub][sql: SELECT role FROM user where user_id='bulk_unsub'  AND status > 0 ]
[2022-09-26 23:25:20] [in_common.php][Finding User Role] [username: bulk_unsub][sql: SELECT role FROM user where user_id='bulk_unsub'  AND status > 0 ]
[2022-09-26 23:25:37] [in_common.php][Finding User Role] [username: bulk_unsub][sql: SELECT role FROM user where user_id='bulk_unsub'  AND status > 0 ]
[2022-09-26 23:28:04] [in_common.php][Finding User Role] [username: bulk_unsub][sql: SELECT role FROM user where user_id='bulk_unsub'  AND status > 0 ]
[2022-09-26 23:28:25] [in_common.php][Finding User Role] [username: bulk_unsub][sql: SELECT role FROM user where user_id='bulk_unsub'  AND status > 0 ]
[2022-09-26 23:29:44] [in_common.php][Finding User Role] [username: bulk_unsub][sql: SELECT role FROM user where user_id='bulk_unsub'  AND status > 0 ]
[2022-09-26 23:30:40] [in_common.php][Finding User Role] [username: bulk_unsub][sql: SELECT role FROM user where user_id='bulk_unsub'  AND status > 0 ]
[2022-09-26 23:30:57] [in_common.php][Finding User Role] [username: bulk_unsub][sql: SELECT role FROM user where user_id='bulk_unsub'  AND status > 0 ]
[2022-09-26 23:32:15] [in_common.php][Finding User Role] [username: bulk_unsub][sql: SELECT role FROM user where user_id='bulk_unsub'  AND status > 0 ]
[2022-09-26 23:32:37] [in_common.php][Finding User Role] [username: bulk_unsub][sql: SELECT role FROM user where user_id='bulk_unsub'  AND status > 0 ]
[2022-09-26 23:33:14] [in_common.php][Finding User Role] [username: bulk_unsub][sql: SELECT role FROM user where user_id='bulk_unsub'  AND status > 0 ]
[2022-09-26 23:34:32] [in_common.php][Finding User Role] [username: bulk_unsub][sql: SELECT role FROM user where user_id='bulk_unsub'  AND status > 0 ]
[2022-09-26 23:37:00] [in_common.php][Finding User Role] [username: bulk_unsub][sql: SELECT role FROM user where user_id='bulk_unsub'  AND status > 0 ]
[2022-09-26 23:37:28] [in_common.php][Finding User Role] [username: bulk_unsub][sql: SELECT role FROM user where user_id='bulk_unsub'  AND status > 0 ]
[2022-09-26 23:37:36] [in_common.php][Finding User Role] [username: bulk_unsub][sql: SELECT role FROM user where user_id='bulk_unsub'  AND status > 0 ]
[2022-09-26 23:37:45] [in_common.php][Finding User Role] [username: bulk_unsub][sql: SELECT role FROM user where user_id='bulk_unsub'  AND status > 0 ]
[2022-09-26 23:38:27] [in_common.php][Finding User Role] [username: bulk_unsub][sql: SELECT role FROM user where user_id='bulk_unsub'  AND status > 0 ]
[2022-09-26 23:38:47] [in_common.php][Finding User Role] [username: bulk_unsub][sql: SELECT role FROM user where user_id='bulk_unsub'  AND status > 0 ]
[2022-09-26 23:38:55] [in_common.php][Finding User Role] [username: bulk_unsub][sql: SELECT role FROM user where user_id='bulk_unsub'  AND status > 0 ]
[2022-09-26 23:39:19] [in_common.php][Finding User Role] [username: bulk_unsub][sql: SELECT role FROM user where user_id='bulk_unsub'  AND status > 0 ]
[2022-09-26 23:39:28] [in_common.php][Finding User Role] [username: bulk_unsub][sql: SELECT role FROM user where user_id='bulk_unsub'  AND status > 0 ]
[2022-09-26 23:39:36] [in_common.php][Finding User Role] [username: bulk_unsub][sql: SELECT role FROM user where user_id='bulk_unsub'  AND status > 0 ]
[2022-09-26 23:40:09] [in_common.php][Finding User Role] [username: bulk_unsub][sql: SELECT role FROM user where user_id='bulk_unsub'  AND status > 0 ]
[2022-09-26 23:40:20] [in_common.php][Finding User Role] [username: bulk_unsub][sql: SELECT role FROM user where user_id='bulk_unsub'  AND status > 0 ]
[2022-09-26 23:41:14] [in_common.php][Finding User Role] [username: bulk_unsub][sql: SELECT role FROM user where user_id='bulk_unsub'  AND status > 0 ]
[2022-09-26 23:41:32] [in_common.php][Finding User Role] [username: ][sql: SELECT role FROM user where user_id=''  AND status > 0 ]
[2022-09-26 23:41:44] [in_common.php][Finding User Role] [username: bulk_unsub][sql: SELECT role FROM user where user_id='bulk_unsub'  AND status > 0 ]
[2022-09-26 23:42:12] [in_common.php][Finding User Role] [username: bulk_unsub][sql: SELECT role FROM user where user_id='bulk_unsub'  AND status > 0 ]
[2022-09-26 23:43:54] [in_common.php][Finding User Role] [username: bulk_unsub][sql: SELECT role FROM user where user_id='bulk_unsub'  AND status > 0 ]
[2022-09-26 23:43:55] [in_common.php][Finding User Role] [username: bulk_unsub][sql: SELECT role FROM user where user_id='bulk_unsub'  AND status > 0 ]
[2022-09-26 23:45:37] [in_common.php][Finding User Role] [username: bulk_unsub][sql: SELECT role FROM user where user_id='bulk_unsub'  AND status > 0 ]
[2022-09-26 23:45:47] [in_common.php][Finding User Role] [username: bulk_unsub][sql: SELECT role FROM user where user_id='bulk_unsub'  AND status > 0 ]
[2022-09-26 23:47:43] [in_common.php][Finding User Role] [username: bulk_unsub][sql: SELECT role FROM user where user_id='bulk_unsub'  AND status > 0 ]
[2022-09-26 23:51:42] [in_common.php][Finding User Role] [username: bulk_unsub][sql: SELECT role FROM user where user_id='bulk_unsub'  AND status > 0 ]
[2022-09-26 23:52:45] [in_common.php][Finding User Role] [username: bulk_unsub][sql: SELECT role FROM user where user_id='bulk_unsub'  AND status > 0 ]
[2022-09-26 23:55:13] [in_common.php][Finding User Role] [username: bulk_unsub][sql: SELECT role FROM user where user_id='bulk_unsub'  AND status > 0 ]
[2022-09-26 23:55:28] [in_common.php][Finding User Role] [username: bulk_unsub][sql: SELECT role FROM user where user_id='bulk_unsub'  AND status > 0 ]
[2022-09-26 23:55:42] [in_common.php][Finding User Role] [username: bulk_unsub][sql: SELECT role FROM user where user_id='bulk_unsub'  AND status > 0 ]
[2022-09-27 12:05:46] [in_common.php][Finding User Role] [username: bulk_unsub][sql: SELECT role FROM user where user_id='bulk_unsub'  AND status > 0 ]
[2022-09-27 12:07:06] [in_common.php][Finding User Role] [username: bulk_unsub][sql: SELECT role FROM user where user_id='bulk_unsub'  AND status > 0 ]
[2022-09-27 12:07:18] [in_common.php][Finding User Role] [username: bulk_unsub][sql: SELECT role FROM user where user_id='bulk_unsub'  AND status > 0 ]
[2022-09-27 12:07:57] [in_common.php][Finding User Role] [username: bulk_unsub][sql: SELECT role FROM user where user_id='bulk_unsub'  AND status > 0 ]
[2022-09-27 12:08:00] [in_common.php][Finding User Role] [username: bulk_unsub][sql: SELECT role FROM user where user_id='bulk_unsub'  AND status > 0 ]
[2022-09-27 12:08:22] [in_common.php][Finding User Role] [username: bulk_unsub][sql: SELECT role FROM user where user_id='bulk_unsub'  AND status > 0 ]
[2022-09-27 12:08:25] [in_common.php][Finding User Role] [username: bulk_unsub][sql: SELECT role FROM user where user_id='bulk_unsub'  AND status > 0 ]
[2022-09-27 12:08:41] [in_common.php][Finding User Role] [username: bulk_unsub][sql: SELECT role FROM user where user_id='bulk_unsub'  AND status > 0 ]
[2022-09-27 12:09:56] [in_common.php][Finding User Role] [username: bulk_unsub][sql: SELECT role FROM user where user_id='bulk_unsub'  AND status > 0 ]
[2022-09-27 12:10:23] [in_common.php][Finding User Role] [username: bulk_unsub][sql: SELECT role FROM user where user_id='bulk_unsub'  AND status > 0 ]
[2022-09-27 12:10:52] [in_common.php][Finding User Role] [username: bulk_unsub][sql: SELECT role FROM user where user_id='bulk_unsub'  AND status > 0 ]
[2022-09-27 12:34:30] [in_common.php][Finding User Role] [username: bulk_unsub][sql: SELECT role FROM user where user_id='bulk_unsub'  AND status > 0 ]
[2022-09-27 12:34:53] [in_common.php][Finding User Role] [username: bulk_unsub][sql: SELECT role FROM user where user_id='bulk_unsub'  AND status > 0 ]
[2022-09-27 12:38:18] [in_common.php][Finding User Role] [username: bulk_unsub][sql: SELECT role FROM user where user_id='bulk_unsub'  AND status > 0 ]
[2022-09-27 12:38:36] [in_common.php][Finding User Role] [username: bulk_unsub][sql: SELECT role FROM user where user_id='bulk_unsub'  AND status > 0 ]
[2022-09-27 12:39:11] [in_common.php][Finding User Role] [username: bulk_unsub][sql: SELECT role FROM user where user_id='bulk_unsub'  AND status > 0 ]
[2022-09-27 15:06:35] [in_common.php][Finding User Role] [username: bulk_unsub][sql: SELECT role FROM user where user_id='bulk_unsub'  AND status > 0 ]
[2022-09-27 15:06:42] [in_common.php][Finding User Role] [username: bulk_unsub][sql: SELECT role FROM user where user_id='bulk_unsub'  AND status > 0 ]
[2022-09-27 15:06:55] [in_common.php][Finding User Role] [username: bulk_unsub][sql: SELECT role FROM user where user_id='bulk_unsub'  AND status > 0 ]
[2022-09-27 15:07:53] [in_common.php][Finding User Role] [username: bulk_unsub][sql: SELECT role FROM user where user_id='bulk_unsub'  AND status > 0 ]
[2022-09-27 15:08:08] [in_common.php][Finding User Role] [username: bulk_unsub][sql: SELECT role FROM user where user_id='bulk_unsub'  AND status > 0 ]
[2022-09-27 15:13:04] [in_common.php][Finding User Role] [username: bulk_unsub][sql: SELECT role FROM user where user_id='bulk_unsub'  AND status > 0 ]
[2022-09-27 15:15:15] [in_common.php][Finding User Role] [username: bulk_unsub][sql: SELECT role FROM user where user_id='bulk_unsub'  AND status > 0 ]
[2022-09-27 15:16:27] [in_common.php][Finding User Role] [username: bulk_unsub][sql: SELECT role FROM user where user_id='bulk_unsub'  AND status > 0 ]
[2022-09-27 15:17:27] [in_common.php][Finding User Role] [username: bulk_unsub][sql: SELECT role FROM user where user_id='bulk_unsub'  AND status > 0 ]
[2022-09-27 15:18:31] [in_common.php][Finding User Role] [username: bulk_unsub][sql: SELECT role FROM user where user_id='bulk_unsub'  AND status > 0 ]
[2022-09-27 15:24:31] [in_common.php][Finding User Role] [username: bulk_unsub][sql: SELECT role FROM user where user_id='bulk_unsub'  AND status > 0 ]
[2022-09-27 15:25:26] [in_common.php][Finding User Role] [username: bulk_unsub][sql: SELECT role FROM user where user_id='bulk_unsub'  AND status > 0 ]
[2022-09-27 15:27:26] [in_common.php][Finding User Role] [username: bulk_unsub][sql: SELECT role FROM user where user_id='bulk_unsub'  AND status > 0 ]
[2022-09-27 15:30:25] [in_common.php][Finding User Role] [username: bulk_unsub][sql: SELECT role FROM user where user_id='bulk_unsub'  AND status > 0 ]
[2022-09-27 16:47:51] [in_common.php][Finding User Role] [username: bulk_unsub][sql: SELECT role FROM user where user_id='bulk_unsub'  AND status > 0 ]
[2022-09-27 16:48:22] [in_common.php][Finding User Role] [username: bulk_unsub][sql: SELECT role FROM user where user_id='bulk_unsub'  AND status > 0 ]
[2022-09-27 16:49:24] [in_common.php][Finding User Role] [username: ][sql: SELECT role FROM user where user_id=''  AND status > 0 ]
[2022-09-27 16:59:08] [in_common.php][Finding User Role] [username: bulk_unsub][sql: SELECT role FROM user where user_id='bulk_unsub'  AND status > 0 ]
[2022-09-27 16:59:46] [in_common.php][Finding User Role] [username: bulk_unsub][sql: SELECT role FROM user where user_id='bulk_unsub'  AND status > 0 ]
[2022-09-27 17:00:26] [in_common.php][Finding User Role] [username: bulk_unsub][sql: SELECT role FROM user where user_id='bulk_unsub'  AND status > 0 ]
[2022-09-27 17:01:06] [in_common.php][Finding User Role] [username: bulk_unsub][sql: SELECT role FROM user where user_id='bulk_unsub'  AND status > 0 ]
[2022-09-28 20:56:38] [in_common.php][Finding User Role] [username: bulk_unsub][sql: SELECT role FROM user where user_id='bulk_unsub'  AND status > 0 ]
[2022-09-29 20:00:19] [in_common.php][Finding User Role] [username: bulk_unsub][sql: SELECT role FROM user where user_id='bulk_unsub'  AND status > 0 ]
[2022-09-29 20:00:20] [in_common.php][Finding User Role] [username: bulk_unsub][sql: SELECT role FROM user where user_id='bulk_unsub'  AND status > 0 ]
[2022-09-29 20:00:21] [in_common.php][Finding User Role] [username: bulk_unsub][sql: SELECT role FROM user where user_id='bulk_unsub'  AND status > 0 ]
[2022-09-29 20:01:18] [in_common.php][Finding User Role] [username: bulk_unsub][sql: SELECT role FROM user where user_id='bulk_unsub'  AND status > 0 ]
[2022-09-29 21:08:41] [in_common.php][Finding User Role] [username: ][sql: SELECT role FROM user where user_id=''  AND status > 0 ]
[2022-09-29 21:08:44] [in_common.php][Finding User Role] [username: ][sql: SELECT role FROM user where user_id=''  AND status > 0 ]
[2022-09-29 21:09:02] [in_common.php][Finding User Role] [username: ][sql: SELECT role FROM user where user_id=''  AND status > 0 ]
[2022-09-30 11:24:57] [in_common.php][Finding User Role] [username: admin][sql: SELECT role FROM user where user_id='admin'  AND status > 0 ]
[2022-10-05 11:25:40] [in_common.php][Finding User Role] [username: admin][sql: SELECT role FROM user where user_id='admin'  AND status > 0 ]
[2022-10-05 11:25:59] [in_common.php][Finding User Role] [username: bulk_unsub][sql: SELECT role FROM user where user_id='bulk_unsub'  AND status > 0 ]
[2022-10-05 11:26:43] [in_common.php][Finding User Role] [username: bulk_unsub][sql: SELECT role FROM user where user_id='bulk_unsub'  AND status > 0 ]
[2022-10-05 11:27:31] [in_common.php][Finding User Role] [username: bulk_unsub][sql: SELECT role FROM user where user_id='bulk_unsub'  AND status > 0 ]
[2022-10-05 11:27:55] [in_common.php][Finding User Role] [username: bulk_unsub][sql: SELECT role FROM user where user_id='bulk_unsub'  AND status > 0 ]
[2022-10-05 11:29:20] [in_common.php][Finding User Role] [username: bulk_unsub][sql: SELECT role FROM user where user_id='bulk_unsub'  AND status > 0 ]
[2022-10-05 11:29:36] [in_common.php][Finding User Role] [username: bulk_unsub][sql: SELECT role FROM user where user_id='bulk_unsub'  AND status > 0 ]
[2022-10-05 11:29:55] [in_common.php][Finding User Role] [username: bulk_unsub][sql: SELECT role FROM user where user_id='bulk_unsub'  AND status > 0 ]
[2022-10-05 11:30:14] [in_common.php][Finding User Role] [username: bulk_unsub][sql: SELECT role FROM user where user_id='bulk_unsub'  AND status > 0 ]
[2022-10-05 16:49:11] [in_common.php][Finding User Role] [username: bulk_unsub][sql: SELECT role FROM user where user_id='bulk_unsub'  AND status > 0 ]
[2022-10-05 16:49:13] [in_common.php][Finding User Role] [username: bulk_unsub][sql: SELECT role FROM user where user_id='bulk_unsub'  AND status > 0 ]
[2022-10-05 16:49:33] [in_common.php][Finding User Role] [username: bulk_unsub][sql: SELECT role FROM user where user_id='bulk_unsub'  AND status > 0 ]
[2022-10-05 16:51:40] [in_common.php][Finding User Role] [username: bulk_unsub][sql: SELECT role FROM user where user_id='bulk_unsub'  AND status > 0 ]
[2022-10-05 17:24:45] [in_common.php][Finding User Role] [username: bulk_unsub][sql: SELECT role FROM user where user_id='bulk_unsub'  AND status > 0 ]
[2022-10-05 17:26:28] [in_common.php][Finding User Role] [username: bulk_unsub][sql: SELECT role FROM user where user_id='bulk_unsub'  AND status > 0 ]
[2022-10-05 17:26:54] [in_common.php][Finding User Role] [username: bulk_unsub][sql: SELECT role FROM user where user_id='bulk_unsub'  AND status > 0 ]
[2022-10-05 17:37:27] [in_common.php][Finding User Role] [username: bulk_unsub][sql: SELECT role FROM user where user_id='bulk_unsub'  AND status > 0 ]
[2022-10-05 17:38:04] [in_common.php][Finding User Role] [username: bulk_unsub][sql: SELECT role FROM user where user_id='bulk_unsub'  AND status > 0 ]
[2022-10-05 17:39:09] [in_common.php][Finding User Role] [username: bulk_unsub][sql: SELECT role FROM user where user_id='bulk_unsub'  AND status > 0 ]
[2022-10-05 17:39:46] [in_common.php][Finding User Role] [username: bulk_unsub][sql: SELECT role FROM user where user_id='bulk_unsub'  AND status > 0 ]
[2022-10-05 17:40:27] [in_common.php][Finding User Role] [username: bulk_unsub][sql: SELECT role FROM user where user_id='bulk_unsub'  AND status > 0 ]
[2022-10-05 17:40:53] [in_common.php][Finding User Role] [username: bulk_unsub][sql: SELECT role FROM user where user_id='bulk_unsub'  AND status > 0 ]
[2022-10-05 17:41:34] [in_common.php][Finding User Role] [username: bulk_unsub][sql: SELECT role FROM user where user_id='bulk_unsub'  AND status > 0 ]
[2022-10-05 17:42:02] [in_common.php][Finding User Role] [username: bulk_unsub][sql: SELECT role FROM user where user_id='bulk_unsub'  AND status > 0 ]
[2022-10-05 17:42:50] [in_common.php][Finding User Role] [username: bulk_unsub][sql: SELECT role FROM user where user_id='bulk_unsub'  AND status > 0 ]
[2022-10-05 17:43:12] [in_common.php][Finding User Role] [username: bulk_unsub][sql: SELECT role FROM user where user_id='bulk_unsub'  AND status > 0 ]
[2022-10-05 17:52:20] [in_common.php][Finding User Role] [username: bulk_unsub][sql: SELECT role FROM user where user_id='bulk_unsub'  AND status > 0 ]
[2022-10-05 17:52:23] [in_common.php][Finding User Role] [username: bulk_unsub][sql: SELECT role FROM user where user_id='bulk_unsub'  AND status > 0 ]
[2022-10-05 17:52:55] [in_common.php][Finding User Role] [username: bulk_unsub][sql: SELECT role FROM user where user_id='bulk_unsub'  AND status > 0 ]
[2022-10-05 17:53:45] [in_common.php][Finding User Role] [username: bulk_unsub][sql: SELECT role FROM user where user_id='bulk_unsub'  AND status > 0 ]
[2022-10-05 17:53:52] [in_common.php][Finding User Role] [username: bulk_unsub][sql: SELECT role FROM user where user_id='bulk_unsub'  AND status > 0 ]
[2022-10-05 17:54:02] [in_common.php][Finding User Role] [username: bulk_unsub][sql: SELECT role FROM user where user_id='bulk_unsub'  AND status > 0 ]
[2022-10-05 17:54:24] [in_common.php][Finding User Role] [username: bulk_unsub][sql: SELECT role FROM user where user_id='bulk_unsub'  AND status > 0 ]
[2022-10-11 15:32:26] [in_common.php][Finding User Role] [username: bulk_unsub][sql: SELECT role FROM user where user_id='bulk_unsub'  AND status > 0 ]
[2022-10-11 15:32:48] [in_common.php][Finding User Role] [username: bulk_unsub][sql: SELECT role FROM user where user_id='bulk_unsub'  AND status > 0 ]
[2022-10-11 15:33:11] [in_common.php][Finding User Role] [username: bulk_unsub][sql: SELECT role FROM user where user_id='bulk_unsub'  AND status > 0 ]
[2022-10-11 15:33:21] [in_common.php][Finding User Role] [username: bulk_unsub][sql: SELECT role FROM user where user_id='bulk_unsub'  AND status > 0 ]
[2022-10-11 15:33:31] [in_common.php][Finding User Role] [username: bulk_unsub][sql: SELECT role FROM user where user_id='bulk_unsub'  AND status > 0 ]
[2022-10-11 15:45:39] [in_common.php][Finding User Role] [username: bulk_unsub][sql: SELECT role FROM user where user_id='bulk_unsub'  AND status > 0 ]
[2022-10-11 15:46:04] [in_common.php][Finding User Role] [username: bulk_unsub][sql: SELECT role FROM user where user_id='bulk_unsub'  AND status > 0 ]
[2022-10-11 15:46:11] [in_common.php][Finding User Role] [username: bulk_unsub][sql: SELECT role FROM user where user_id='bulk_unsub'  AND status > 0 ]
[2022-10-11 15:46:18] [in_common.php][Finding User Role] [username: bulk_unsub][sql: SELECT role FROM user where user_id='bulk_unsub'  AND status > 0 ]
[2022-10-11 16:17:14] [in_common.php][Finding User Role] [username: bulk_unsub][sql: SELECT role FROM user where user_id='bulk_unsub'  AND status > 0 ]
[2022-10-11 16:17:42] [in_common.php][Finding User Role] [username: bulk_unsub][sql: SELECT role FROM user where user_id='bulk_unsub'  AND status > 0 ]
[2022-10-11 16:18:32] [in_common.php][Finding User Role] [username: bulk_unsub][sql: SELECT role FROM user where user_id='bulk_unsub'  AND status > 0 ]
[2022-10-11 16:18:34] [in_common.php][Finding User Role] [username: bulk_unsub][sql: SELECT role FROM user where user_id='bulk_unsub'  AND status > 0 ]
[2022-10-11 16:18:45] [in_common.php][Finding User Role] [username: bulk_unsub][sql: SELECT role FROM user where user_id='bulk_unsub'  AND status > 0 ]
[2022-10-11 16:19:03] [in_common.php][Finding User Role] [username: bulk_unsub][sql: SELECT role FROM user where user_id='bulk_unsub'  AND status > 0 ]
[2022-10-11 16:25:35] [in_common.php][Finding User Role] [username: bulk_unsub][sql: SELECT role FROM user where user_id='bulk_unsub'  AND status > 0 ]
[2022-10-11 16:26:22] [in_common.php][Finding User Role] [username: bulk_unsub][sql: SELECT role FROM user where user_id='bulk_unsub'  AND status > 0 ]
[2022-10-11 16:26:26] [in_common.php][Finding User Role] [username: bulk_unsub][sql: SELECT role FROM user where user_id='bulk_unsub'  AND status > 0 ]
[2022-10-11 16:26:55] [in_common.php][Finding User Role] [username: bulk_unsub][sql: SELECT role FROM user where user_id='bulk_unsub'  AND status > 0 ]
[2022-10-11 16:32:21] [in_common.php][Finding User Role] [username: bulk_unsub][sql: SELECT role FROM user where user_id='bulk_unsub'  AND status > 0 ]
[2022-10-11 16:34:30] [in_common.php][Finding User Role] [username: bulk_unsub][sql: SELECT role FROM user where user_id='bulk_unsub'  AND status > 0 ]
[2022-10-11 17:04:10] [in_common.php][Finding User Role] [username: bulk_unsub][sql: SELECT role FROM user where user_id='bulk_unsub'  AND status > 0 ]
[2022-10-11 17:05:09] [in_common.php][Finding User Role] [username: bulk_unsub][sql: SELECT role FROM user where user_id='bulk_unsub'  AND status > 0 ]
[2022-10-11 17:05:09] [in_common.php][Finding User Role] [username: bulk_unsub][sql: SELECT role FROM user where user_id='bulk_unsub'  AND status > 0 ]
[2022-10-11 17:08:20] [in_common.php][Finding User Role] [username: bulk_unsub][sql: SELECT role FROM user where user_id='bulk_unsub'  AND status > 0 ]
[2022-10-11 17:11:00] [in_common.php][Finding User Role] [username: bulk_unsub][sql: SELECT role FROM user where user_id='bulk_unsub'  AND status > 0 ]
[2022-10-11 17:12:26] [in_common.php][Finding User Role] [username: bulk_unsub][sql: SELECT role FROM user where user_id='bulk_unsub'  AND status > 0 ]
[2022-10-11 17:12:50] [in_common.php][Finding User Role] [username: bulk_unsub][sql: SELECT role FROM user where user_id='bulk_unsub'  AND status > 0 ]
[2022-10-11 17:13:36] [in_common.php][Finding User Role] [username: bulk_unsub][sql: SELECT role FROM user where user_id='bulk_unsub'  AND status > 0 ]
[2022-10-11 17:14:24] [in_common.php][Finding User Role] [username: bulk_unsub][sql: SELECT role FROM user where user_id='bulk_unsub'  AND status > 0 ]
[2022-10-11 17:19:23] [in_common.php][Finding User Role] [username: bulk_unsub][sql: SELECT role FROM user where user_id='bulk_unsub'  AND status > 0 ]
[2022-10-11 17:29:04] [in_common.php][Finding User Role] [username: bulk_unsub][sql: SELECT role FROM user where user_id='bulk_unsub'  AND status > 0 ]
[2022-10-11 17:30:38] [in_common.php][Finding User Role] [username: bulk_unsub][sql: SELECT role FROM user where user_id='bulk_unsub'  AND status > 0 ]
[2022-10-11 17:35:21] [in_common.php][Finding User Role] [username: bulk_unsub][sql: SELECT role FROM user where user_id='bulk_unsub'  AND status > 0 ]
[2022-10-11 17:35:26] [in_common.php][Finding User Role] [username: bulk_unsub][sql: SELECT role FROM user where user_id='bulk_unsub'  AND status > 0 ]
[2022-10-11 17:35:28] [in_common.php][Finding User Role] [username: bulk_unsub][sql: SELECT role FROM user where user_id='bulk_unsub'  AND status > 0 ]
[2022-10-11 17:35:31] [in_common.php][Finding User Role] [username: bulk_unsub][sql: SELECT role FROM user where user_id='bulk_unsub'  AND status > 0 ]
[2022-10-11 17:35:47] [in_common.php][Finding User Role] [username: bulk_unsub][sql: SELECT role FROM user where user_id='bulk_unsub'  AND status > 0 ]
[2022-10-11 17:36:06] [in_common.php][Finding User Role] [username: bulk_unsub][sql: SELECT role FROM user where user_id='bulk_unsub'  AND status > 0 ]
[2022-10-11 17:44:24] [in_common.php][Finding User Role] [username: bulk_unsub][sql: SELECT role FROM user where user_id='bulk_unsub'  AND status > 0 ]
[2022-10-13 11:48:28] [in_common.php][Finding User Role] [username: bulk_unsub][sql: SELECT role FROM user where user_id='bulk_unsub'  AND status > 0 ]
[2022-10-13 11:58:20] [in_common.php][Finding User Role] [username: bulk_unsub][sql: SELECT role FROM user where user_id='bulk_unsub'  AND status > 0 ]
[2022-10-13 12:33:44] [in_common.php][Finding User Role] [username: bulk_unsub][sql: SELECT role FROM user where user_id='bulk_unsub'  AND status > 0 ]
[2022-10-13 14:13:34] [in_common.php][Finding User Role] [username: bulk_unsub][sql: SELECT role FROM user where user_id='bulk_unsub'  AND status > 0 ]
[2022-10-13 14:30:21] [in_common.php][Finding User Role] [username: bulk_unsub][sql: SELECT role FROM user where user_id='bulk_unsub'  AND status > 0 ]
[2022-10-18 23:07:50] [in_common.php][Finding User Role] [username: bulk_unsub][sql: SELECT role FROM user where user_id='bulk_unsub'  AND status > 0 ]
[2022-10-18 23:15:05] [in_common.php][Finding User Role] [username: bulk_unsub][sql: SELECT role FROM user where user_id='bulk_unsub'  AND status > 0 ]
[2022-10-18 23:17:16] [in_common.php][Finding User Role] [username: bulk_unsub][sql: SELECT role FROM user where user_id='bulk_unsub'  AND status > 0 ]
[2022-10-18 23:22:42] [in_common.php][Finding User Role] [username: bulk_unsub][sql: SELECT role FROM user where user_id='bulk_unsub'  AND status > 0 ]
[2022-10-18 23:26:34] [in_common.php][Finding User Role] [username: bulk_unsub][sql: SELECT role FROM user where user_id='bulk_unsub'  AND status > 0 ]
[2022-10-18 23:31:49] [in_common.php][Finding User Role] [username: bulk_unsub][sql: SELECT role FROM user where user_id='bulk_unsub'  AND status > 0 ]
[2022-10-18 23:32:23] [in_common.php][Finding User Role] [username: bulk_unsub][sql: SELECT role FROM user where user_id='bulk_unsub'  AND status > 0 ]
[2022-10-18 23:32:53] [in_common.php][Finding User Role] [username: bulk_unsub][sql: SELECT role FROM user where user_id='bulk_unsub'  AND status > 0 ]
[2022-10-18 23:33:30] [in_common.php][Finding User Role] [username: bulk_unsub][sql: SELECT role FROM user where user_id='bulk_unsub'  AND status > 0 ]
[2022-10-18 23:35:17] [in_common.php][Finding User Role] [username: bulk_unsub][sql: SELECT role FROM user where user_id='bulk_unsub'  AND status > 0 ]
[2022-10-18 23:35:57] [in_common.php][Finding User Role] [username: bulk_unsub][sql: SELECT role FROM user where user_id='bulk_unsub'  AND status > 0 ]
[2022-10-19 00:01:07] [in_common.php][Finding User Role] [username: bulk_unsub][sql: SELECT role FROM user where user_id='bulk_unsub'  AND status > 0 ]
[2022-10-19 00:01:42] [in_common.php][Finding User Role] [username: bulk_unsub][sql: SELECT role FROM user where user_id='bulk_unsub'  AND status > 0 ]
[2022-10-20 13:08:04] [in_common.php][Finding User Role] [username: ][sql: SELECT role FROM user where user_id=''  AND status > 0 ]
[2022-10-20 13:08:10] [in_common.php][Finding User Role] [username: bulk_unsub][sql: SELECT role FROM user where user_id='bulk_unsub'  AND status > 0 ]
[2022-10-20 13:19:12] [in_common.php][Finding User Role] [username: bulk_unsub][sql: SELECT role FROM user where user_id='bulk_unsub'  AND status > 0 ]
[2022-10-20 13:21:28] [in_common.php][Finding User Role] [username: bulk_unsub][sql: SELECT role FROM user where user_id='bulk_unsub'  AND status > 0 ]
[2022-10-20 13:23:21] [in_common.php][Finding User Role] [username: bulk_unsub][sql: SELECT role FROM user where user_id='bulk_unsub'  AND status > 0 ]
[2022-10-20 13:25:05] [in_common.php][Finding User Role] [username: bulk_unsub][sql: SELECT role FROM user where user_id='bulk_unsub'  AND status > 0 ]
[2022-10-20 13:25:15] [in_common.php][Finding User Role] [username: bulk_unsub][sql: SELECT role FROM user where user_id='bulk_unsub'  AND status > 0 ]
[2022-10-20 13:28:03] [in_common.php][Finding User Role] [username: bulk_unsub][sql: SELECT role FROM user where user_id='bulk_unsub'  AND status > 0 ]
[2022-10-20 21:17:14] [in_common.php][Finding User Role] [username: bulk_unsub][sql: SELECT role FROM user where user_id='bulk_unsub'  AND status > 0 ]
[2022-10-20 21:20:11] [in_common.php][Finding User Role] [username: bulk_unsub][sql: SELECT role FROM user where user_id='bulk_unsub'  AND status > 0 ]
[2022-10-21 21:02:04] [in_common.php][Finding User Role] [username: bulk_unsub][sql: SELECT role FROM user where user_id='bulk_unsub'  AND status > 0 ]
[2022-10-21 21:03:27] [in_common.php][Finding User Role] [username: bulk_unsub][sql: SELECT role FROM user where user_id='bulk_unsub'  AND status > 0 ]
[2022-10-23 12:02:12] [in_common.php][Finding User Role] [username: bulk_unsub][sql: SELECT role FROM user where user_id='bulk_unsub'  AND status > 0 ]
[2022-10-23 12:02:51] [in_common.php][Finding User Role] [username: bulk_unsub][sql: SELECT role FROM user where user_id='bulk_unsub'  AND status > 0 ]
[2022-10-24 18:25:24] [in_common.php][Finding User Role] [username: bulk_unsub][sql: SELECT role FROM user where user_id='bulk_unsub'  AND status > 0 ]
[2022-10-24 18:29:17] [in_common.php][Finding User Role] [username: bulk_unsub][sql: SELECT role FROM user where user_id='bulk_unsub'  AND status > 0 ]
[2022-10-27 00:23:13] [in_common.php][Finding User Role] [username: admin][sql: SELECT role FROM user where user_id='admin'  AND status > 0 ]
[2022-10-28 14:37:42] [in_common.php][Finding User Role] [username: bulk_unsub][sql: SELECT role FROM user where user_id='bulk_unsub'  AND status > 0 ]
[2022-10-28 14:46:48] [in_common.php][Finding User Role] [username: bulk_unsub][sql: SELECT role FROM user where user_id='bulk_unsub'  AND status > 0 ]
[2022-10-28 14:47:12] [in_common.php][Finding User Role] [username: bulk_unsub][sql: SELECT role FROM user where user_id='bulk_unsub'  AND status > 0 ]
[2022-10-28 14:48:25] [in_common.php][Finding User Role] [username: bulk_unsub][sql: SELECT role FROM user where user_id='bulk_unsub'  AND status > 0 ]
[2022-10-28 14:48:32] [in_common.php][Finding User Role] [username: bulk_unsub][sql: SELECT role FROM user where user_id='bulk_unsub'  AND status > 0 ]
[2022-10-28 14:53:04] [in_common.php][Finding User Role] [username: bulk_unsub][sql: SELECT role FROM user where user_id='bulk_unsub'  AND status > 0 ]
[2022-10-28 14:53:13] [in_common.php][Finding User Role] [username: bulk_unsub][sql: SELECT role FROM user where user_id='bulk_unsub'  AND status > 0 ]
[2022-10-28 14:53:22] [in_common.php][Finding User Role] [username: bulk_unsub][sql: SELECT role FROM user where user_id='bulk_unsub'  AND status > 0 ]
[2022-10-28 14:53:23] [in_common.php][Finding User Role] [username: bulk_unsub][sql: SELECT role FROM user where user_id='bulk_unsub'  AND status > 0 ]
[2022-10-28 14:53:27] [in_common.php][Finding User Role] [username: bulk_unsub][sql: SELECT role FROM user where user_id='bulk_unsub'  AND status > 0 ]
[2022-10-28 14:53:49] [in_common.php][Finding User Role] [username: bulk_unsub][sql: SELECT role FROM user where user_id='bulk_unsub'  AND status > 0 ]
[2022-10-28 14:54:07] [in_common.php][Finding User Role] [username: bulk_unsub][sql: SELECT role FROM user where user_id='bulk_unsub'  AND status > 0 ]
[2022-10-28 14:54:14] [in_common.php][Finding User Role] [username: bulk_unsub][sql: SELECT role FROM user where user_id='bulk_unsub'  AND status > 0 ]
[2022-10-28 14:54:55] [in_common.php][Finding User Role] [username: bulk_unsub][sql: SELECT role FROM user where user_id='bulk_unsub'  AND status > 0 ]
[2022-10-28 14:55:46] [in_common.php][Finding User Role] [username: bulk_unsub][sql: SELECT role FROM user where user_id='bulk_unsub'  AND status > 0 ]
[2022-10-28 14:55:48] [in_common.php][Finding User Role] [username: bulk_unsub][sql: SELECT role FROM user where user_id='bulk_unsub'  AND status > 0 ]
[2022-10-28 14:55:50] [in_common.php][Finding User Role] [username: bulk_unsub][sql: SELECT role FROM user where user_id='bulk_unsub'  AND status > 0 ]
[2022-10-28 14:55:54] [in_common.php][Finding User Role] [username: bulk_unsub][sql: SELECT role FROM user where user_id='bulk_unsub'  AND status > 0 ]
[2022-10-28 14:55:55] [in_common.php][Finding User Role] [username: bulk_unsub][sql: SELECT role FROM user where user_id='bulk_unsub'  AND status > 0 ]
[2022-10-28 14:56:08] [in_common.php][Finding User Role] [username: bulk_unsub][sql: SELECT role FROM user where user_id='bulk_unsub'  AND status > 0 ]
[2022-10-28 14:56:17] [in_common.php][Finding User Role] [username: bulk_unsub][sql: SELECT role FROM user where user_id='bulk_unsub'  AND status > 0 ]
[2022-10-28 15:00:51] [in_common.php][Finding User Role] [username: bulk_unsub][sql: SELECT role FROM user where user_id='bulk_unsub'  AND status > 0 ]
[2022-10-28 15:27:23] [in_common.php][Finding User Role] [username: bulk_unsub][sql: SELECT role FROM user where user_id='bulk_unsub'  AND status > 0 ]
[2022-10-28 15:27:34] [in_common.php][Finding User Role] [username: bulk_unsub][sql: SELECT role FROM user where user_id='bulk_unsub'  AND status > 0 ]
[2022-10-28 15:33:52] [in_common.php][Finding User Role] [username: bulk_unsub][sql: SELECT role FROM user where user_id='bulk_unsub'  AND status > 0 ]
[2022-10-28 15:34:37] [in_common.php][Finding User Role] [username: bulk_unsub][sql: SELECT role FROM user where user_id='bulk_unsub'  AND status > 0 ]
[2022-10-28 16:06:16] [in_common.php][Finding User Role] [username: bulk_unsub][sql: SELECT role FROM user where user_id='bulk_unsub'  AND status > 0 ]
[2022-10-28 16:27:59] [in_common.php][Finding User Role] [username: bulk_unsub][sql: SELECT role FROM user where user_id='bulk_unsub'  AND status > 0 ]
[2022-10-28 19:18:43] [in_common.php][Finding User Role] [username: bulk_unsub][sql: SELECT role FROM user where user_id='bulk_unsub'  AND status > 0 ]
[2022-10-28 19:20:04] [in_common.php][Finding User Role] [username: bulk_unsub][sql: SELECT role FROM user where user_id='bulk_unsub'  AND status > 0 ]
[2022-10-28 19:25:46] [in_common.php][Finding User Role] [username: bulk_unsub][sql: SELECT role FROM user where user_id='bulk_unsub'  AND status > 0 ]
[2022-10-28 19:26:09] [in_common.php][Finding User Role] [username: bulk_unsub][sql: SELECT role FROM user where user_id='bulk_unsub'  AND status > 0 ]
[2022-10-28 19:28:16] [in_common.php][Finding User Role] [username: bulk_unsub][sql: SELECT role FROM user where user_id='bulk_unsub'  AND status > 0 ]
[2022-10-28 19:29:03] [in_common.php][Finding User Role] [username: bulk_unsub][sql: SELECT role FROM user where user_id='bulk_unsub'  AND status > 0 ]
[2022-10-28 19:29:13] [in_common.php][Finding User Role] [username: bulk_unsub][sql: SELECT role FROM user where user_id='bulk_unsub'  AND status > 0 ]
[2022-10-30 02:18:30] [in_common.php][Finding User Role] [username: bulk_unsub][sql: SELECT role FROM user where user_id='bulk_unsub'  AND status > 0 ]
[2022-10-30 02:21:56] [in_common.php][Finding User Role] [username: bulk_unsub][sql: SELECT role FROM user where user_id='bulk_unsub'  AND status > 0 ]
[2022-10-30 02:22:11] [in_common.php][Finding User Role] [username: bulk_unsub][sql: SELECT role FROM user where user_id='bulk_unsub'  AND status > 0 ]
[2022-10-30 02:24:05] [in_common.php][Finding User Role] [username: bulk_unsub][sql: SELECT role FROM user where user_id='bulk_unsub'  AND status > 0 ]
[2022-10-30 02:24:11] [in_common.php][Finding User Role] [username: bulk_unsub][sql: SELECT role FROM user where user_id='bulk_unsub'  AND status > 0 ]
[2022-10-30 02:28:35] [in_common.php][Finding User Role] [username: bulk_unsub][sql: SELECT role FROM user where user_id='bulk_unsub'  AND status > 0 ]
[2022-10-30 02:33:31] [in_common.php][Finding User Role] [username: bulk_unsub][sql: SELECT role FROM user where user_id='bulk_unsub'  AND status > 0 ]
[2022-10-30 02:33:53] [in_common.php][Finding User Role] [username: bulk_unsub][sql: SELECT role FROM user where user_id='bulk_unsub'  AND status > 0 ]
[2022-10-30 02:33:54] [in_common.php][Finding User Role] [username: bulk_unsub][sql: SELECT role FROM user where user_id='bulk_unsub'  AND status > 0 ]
[2022-10-30 02:33:56] [in_common.php][Finding User Role] [username: bulk_unsub][sql: SELECT role FROM user where user_id='bulk_unsub'  AND status > 0 ]
[2022-10-30 02:33:57] [in_common.php][Finding User Role] [username: bulk_unsub][sql: SELECT role FROM user where user_id='bulk_unsub'  AND status > 0 ]
[2022-10-30 02:34:03] [in_common.php][Finding User Role] [username: bulk_unsub][sql: SELECT role FROM user where user_id='bulk_unsub'  AND status > 0 ]
[2022-10-30 02:34:04] [in_common.php][Finding User Role] [username: bulk_unsub][sql: SELECT role FROM user where user_id='bulk_unsub'  AND status > 0 ]
[2022-10-30 02:34:08] [in_common.php][Finding User Role] [username: bulk_unsub][sql: SELECT role FROM user where user_id='bulk_unsub'  AND status > 0 ]
[2022-10-30 02:34:10] [in_common.php][Finding User Role] [username: bulk_unsub][sql: SELECT role FROM user where user_id='bulk_unsub'  AND status > 0 ]
[2022-10-30 02:34:13] [in_common.php][Finding User Role] [username: bulk_unsub][sql: SELECT role FROM user where user_id='bulk_unsub'  AND status > 0 ]
[2022-10-30 02:34:14] [in_common.php][Finding User Role] [username: bulk_unsub][sql: SELECT role FROM user where user_id='bulk_unsub'  AND status > 0 ]
[2022-10-30 02:34:15] [in_common.php][Finding User Role] [username: bulk_unsub][sql: SELECT role FROM user where user_id='bulk_unsub'  AND status > 0 ]
[2022-10-30 02:34:44] [in_common.php][Finding User Role] [username: bulk_unsub][sql: SELECT role FROM user where user_id='bulk_unsub'  AND status > 0 ]
[2022-10-30 02:35:44] [in_common.php][Finding User Role] [username: bulk_unsub][sql: SELECT role FROM user where user_id='bulk_unsub'  AND status > 0 ]
[2022-10-30 02:39:59] [in_common.php][Finding User Role] [username: bulk_unsub][sql: SELECT role FROM user where user_id='bulk_unsub'  AND status > 0 ]
[2022-10-30 02:40:04] [in_common.php][Finding User Role] [username: bulk_unsub][sql: SELECT role FROM user where user_id='bulk_unsub'  AND status > 0 ]
[2022-10-30 02:40:05] [in_common.php][Finding User Role] [username: bulk_unsub][sql: SELECT role FROM user where user_id='bulk_unsub'  AND status > 0 ]
[2022-10-30 02:40:06] [in_common.php][Finding User Role] [username: bulk_unsub][sql: SELECT role FROM user where user_id='bulk_unsub'  AND status > 0 ]
[2022-10-30 02:40:19] [in_common.php][Finding User Role] [username: bulk_unsub][sql: SELECT role FROM user where user_id='bulk_unsub'  AND status > 0 ]
[2022-10-30 02:42:31] [in_common.php][Finding User Role] [username: bulk_unsub][sql: SELECT role FROM user where user_id='bulk_unsub'  AND status > 0 ]
[2022-10-30 02:42:36] [in_common.php][Finding User Role] [username: bulk_unsub][sql: SELECT role FROM user where user_id='bulk_unsub'  AND status > 0 ]
[2022-10-30 02:45:25] [in_common.php][Finding User Role] [username: bulk_unsub][sql: SELECT role FROM user where user_id='bulk_unsub'  AND status > 0 ]
[2022-10-30 02:45:26] [in_common.php][Finding User Role] [username: bulk_unsub][sql: SELECT role FROM user where user_id='bulk_unsub'  AND status > 0 ]
[2022-10-30 02:45:27] [in_common.php][Finding User Role] [username: bulk_unsub][sql: SELECT role FROM user where user_id='bulk_unsub'  AND status > 0 ]
[2022-10-30 02:45:30] [in_common.php][Finding User Role] [username: bulk_unsub][sql: SELECT role FROM user where user_id='bulk_unsub'  AND status > 0 ]
[2022-10-30 02:45:31] [in_common.php][Finding User Role] [username: bulk_unsub][sql: SELECT role FROM user where user_id='bulk_unsub'  AND status > 0 ]
[2022-10-30 02:45:32] [in_common.php][Finding User Role] [username: bulk_unsub][sql: SELECT role FROM user where user_id='bulk_unsub'  AND status > 0 ]
[2022-10-30 02:45:35] [in_common.php][Finding User Role] [username: bulk_unsub][sql: SELECT role FROM user where user_id='bulk_unsub'  AND status > 0 ]
[2022-10-30 02:45:36] [in_common.php][Finding User Role] [username: bulk_unsub][sql: SELECT role FROM user where user_id='bulk_unsub'  AND status > 0 ]
[2022-10-30 02:45:40] [in_common.php][Finding User Role] [username: bulk_unsub][sql: SELECT role FROM user where user_id='bulk_unsub'  AND status > 0 ]
[2022-11-03 13:46:34] [in_common.php][Finding User Role] [username: ][sql: SELECT role FROM user where user_id=''  AND status > 0 ]
[2022-11-03 13:46:40] [in_common.php][Finding User Role] [username: bulk_unsub][sql: SELECT role FROM user where user_id='bulk_unsub'  AND status > 0 ]
[2022-11-03 13:47:15] [in_common.php][Finding User Role] [username: bulk_unsub][sql: SELECT role FROM user where user_id='bulk_unsub'  AND status > 0 ]
[2022-11-03 13:47:15] [in_common.php][Finding User Role] [username: bulk_unsub][sql: SELECT role FROM user where user_id='bulk_unsub'  AND status > 0 ]
[2022-11-03 13:47:15] [in_common.php][Finding User Role] [username: bulk_unsub][sql: SELECT role FROM user where user_id='bulk_unsub'  AND status > 0 ]
[2022-11-03 13:48:11] [in_common.php][Finding User Role] [username: bulk_unsub][sql: SELECT role FROM user where user_id='bulk_unsub'  AND status > 0 ]
[2022-11-03 13:48:26] [in_common.php][Finding User Role] [username: bulk_unsub][sql: SELECT role FROM user where user_id='bulk_unsub'  AND status > 0 ]
[2022-11-03 13:48:40] [in_common.php][Finding User Role] [username: bulk_unsub][sql: SELECT role FROM user where user_id='bulk_unsub'  AND status > 0 ]
[2022-11-03 13:48:46] [in_common.php][Finding User Role] [username: bulk_unsub][sql: SELECT role FROM user where user_id='bulk_unsub'  AND status > 0 ]
[2022-11-03 13:48:47] [in_common.php][Finding User Role] [username: bulk_unsub][sql: SELECT role FROM user where user_id='bulk_unsub'  AND status > 0 ]
[2022-11-03 13:48:48] [in_common.php][Finding User Role] [username: bulk_unsub][sql: SELECT role FROM user where user_id='bulk_unsub'  AND status > 0 ]
[2022-11-03 13:48:49] [in_common.php][Finding User Role] [username: bulk_unsub][sql: SELECT role FROM user where user_id='bulk_unsub'  AND status > 0 ]
[2022-11-03 13:48:50] [in_common.php][Finding User Role] [username: bulk_unsub][sql: SELECT role FROM user where user_id='bulk_unsub'  AND status > 0 ]
[2022-11-03 13:48:51] [in_common.php][Finding User Role] [username: bulk_unsub][sql: SELECT role FROM user where user_id='bulk_unsub'  AND status > 0 ]
[2022-11-03 13:49:04] [in_common.php][Finding User Role] [username: bulk_unsub][sql: SELECT role FROM user where user_id='bulk_unsub'  AND status > 0 ]
[2022-11-03 13:49:08] [in_common.php][Finding User Role] [username: bulk_unsub][sql: SELECT role FROM user where user_id='bulk_unsub'  AND status > 0 ]
[2022-11-03 13:49:10] [in_common.php][Finding User Role] [username: bulk_unsub][sql: SELECT role FROM user where user_id='bulk_unsub'  AND status > 0 ]
[2022-11-03 13:49:12] [in_common.php][Finding User Role] [username: bulk_unsub][sql: SELECT role FROM user where user_id='bulk_unsub'  AND status > 0 ]
[2022-11-03 13:49:14] [in_common.php][Finding User Role] [username: bulk_unsub][sql: SELECT role FROM user where user_id='bulk_unsub'  AND status > 0 ]
[2022-11-03 13:49:15] [in_common.php][Finding User Role] [username: bulk_unsub][sql: SELECT role FROM user where user_id='bulk_unsub'  AND status > 0 ]
[2022-11-03 13:49:15] [in_common.php][Finding User Role] [username: bulk_unsub][sql: SELECT role FROM user where user_id='bulk_unsub'  AND status > 0 ]
[2022-11-03 13:49:16] [in_common.php][Finding User Role] [username: bulk_unsub][sql: SELECT role FROM user where user_id='bulk_unsub'  AND status > 0 ]
[2022-11-03 13:49:17] [in_common.php][Finding User Role] [username: bulk_unsub][sql: SELECT role FROM user where user_id='bulk_unsub'  AND status > 0 ]
[2022-11-03 13:49:18] [in_common.php][Finding User Role] [username: bulk_unsub][sql: SELECT role FROM user where user_id='bulk_unsub'  AND status > 0 ]
[2022-11-03 13:49:19] [in_common.php][Finding User Role] [username: bulk_unsub][sql: SELECT role FROM user where user_id='bulk_unsub'  AND status > 0 ]
[2022-11-03 13:49:38] [in_common.php][Finding User Role] [username: bulk_unsub][sql: SELECT role FROM user where user_id='bulk_unsub'  AND status > 0 ]
[2022-11-03 13:49:40] [in_common.php][Finding User Role] [username: bulk_unsub][sql: SELECT role FROM user where user_id='bulk_unsub'  AND status > 0 ]
[2022-11-03 13:50:15] [in_common.php][Finding User Role] [username: bulk_unsub][sql: SELECT role FROM user where user_id='bulk_unsub'  AND status > 0 ]
[2022-11-03 13:50:34] [in_common.php][Finding User Role] [username: bulk_unsub][sql: SELECT role FROM user where user_id='bulk_unsub'  AND status > 0 ]
[2022-11-03 13:50:35] [in_common.php][Finding User Role] [username: bulk_unsub][sql: SELECT role FROM user where user_id='bulk_unsub'  AND status > 0 ]
[2022-11-03 13:50:36] [in_common.php][Finding User Role] [username: bulk_unsub][sql: SELECT role FROM user where user_id='bulk_unsub'  AND status > 0 ]
[2022-11-03 13:51:06] [in_common.php][Finding User Role] [username: bulk_unsub][sql: SELECT role FROM user where user_id='bulk_unsub'  AND status > 0 ]
[2022-11-03 13:51:07] [in_common.php][Finding User Role] [username: bulk_unsub][sql: SELECT role FROM user where user_id='bulk_unsub'  AND status > 0 ]
[2022-11-03 13:51:08] [in_common.php][Finding User Role] [username: bulk_unsub][sql: SELECT role FROM user where user_id='bulk_unsub'  AND status > 0 ]
[2022-11-03 13:51:08] [in_common.php][Finding User Role] [username: bulk_unsub][sql: SELECT role FROM user where user_id='bulk_unsub'  AND status > 0 ]
[2022-11-03 13:51:09] [in_common.php][Finding User Role] [username: bulk_unsub][sql: SELECT role FROM user where user_id='bulk_unsub'  AND status > 0 ]
[2022-11-03 13:51:09] [in_common.php][Finding User Role] [username: bulk_unsub][sql: SELECT role FROM user where user_id='bulk_unsub'  AND status > 0 ]
[2022-11-03 13:51:11] [in_common.php][Finding User Role] [username: bulk_unsub][sql: SELECT role FROM user where user_id='bulk_unsub'  AND status > 0 ]
[2022-11-03 13:51:14] [in_common.php][Finding User Role] [username: bulk_unsub][sql: SELECT role FROM user where user_id='bulk_unsub'  AND status > 0 ]
[2022-11-03 13:51:15] [in_common.php][Finding User Role] [username: bulk_unsub][sql: SELECT role FROM user where user_id='bulk_unsub'  AND status > 0 ]
[2022-11-03 13:51:44] [in_common.php][Finding User Role] [username: bulk_unsub][sql: SELECT role FROM user where user_id='bulk_unsub'  AND status > 0 ]
[2022-11-03 13:51:46] [in_common.php][Finding User Role] [username: bulk_unsub][sql: SELECT role FROM user where user_id='bulk_unsub'  AND status > 0 ]
[2022-11-03 13:51:49] [in_common.php][Finding User Role] [username: bulk_unsub][sql: SELECT role FROM user where user_id='bulk_unsub'  AND status > 0 ]
[2022-11-03 14:01:31] [in_common.php][Finding User Role] [username: bulk_unsub][sql: SELECT role FROM user where user_id='bulk_unsub'  AND status > 0 ]
[2022-11-03 14:01:33] [in_common.php][Finding User Role] [username: bulk_unsub][sql: SELECT role FROM user where user_id='bulk_unsub'  AND status > 0 ]
[2022-11-03 14:17:44] [in_common.php][Finding User Role] [username: bulk_unsub][sql: SELECT role FROM user where user_id='bulk_unsub'  AND status > 0 ]
[2022-11-03 15:53:16] [in_common.php][Finding User Role] [username: bulk_unsub][sql: SELECT role FROM user where user_id='bulk_unsub'  AND status > 0 ]
[2022-11-03 15:53:21] [in_common.php][Finding User Role] [username: bulk_unsub][sql: SELECT role FROM user where user_id='bulk_unsub'  AND status > 0 ]
[2022-11-03 15:53:23] [in_common.php][Finding User Role] [username: bulk_unsub][sql: SELECT role FROM user where user_id='bulk_unsub'  AND status > 0 ]
[2022-11-03 15:53:23] [in_common.php][Finding User Role] [username: bulk_unsub][sql: SELECT role FROM user where user_id='bulk_unsub'  AND status > 0 ]
[2022-11-03 15:53:24] [in_common.php][Finding User Role] [username: bulk_unsub][sql: SELECT role FROM user where user_id='bulk_unsub'  AND status > 0 ]
[2022-11-03 16:10:20] [in_common.php][Finding User Role] [username: bulk_unsub][sql: SELECT role FROM user where user_id='bulk_unsub'  AND status > 0 ]
[2022-11-03 16:10:22] [in_common.php][Finding User Role] [username: bulk_unsub][sql: SELECT role FROM user where user_id='bulk_unsub'  AND status > 0 ]
[2022-11-03 16:10:23] [in_common.php][Finding User Role] [username: bulk_unsub][sql: SELECT role FROM user where user_id='bulk_unsub'  AND status > 0 ]
[2022-11-03 16:10:23] [in_common.php][Finding User Role] [username: bulk_unsub][sql: SELECT role FROM user where user_id='bulk_unsub'  AND status > 0 ]
[2022-11-03 16:10:24] [in_common.php][Finding User Role] [username: bulk_unsub][sql: SELECT role FROM user where user_id='bulk_unsub'  AND status > 0 ]
[2022-11-03 16:10:55] [in_common.php][Finding User Role] [username: bulk_unsub][sql: SELECT role FROM user where user_id='bulk_unsub'  AND status > 0 ]
[2022-11-03 16:11:06] [in_common.php][Finding User Role] [username: bulk_unsub][sql: SELECT role FROM user where user_id='bulk_unsub'  AND status > 0 ]
[2022-11-03 16:11:07] [in_common.php][Finding User Role] [username: bulk_unsub][sql: SELECT role FROM user where user_id='bulk_unsub'  AND status > 0 ]
[2022-11-03 16:11:09] [in_common.php][Finding User Role] [username: bulk_unsub][sql: SELECT role FROM user where user_id='bulk_unsub'  AND status > 0 ]
[2022-11-03 16:11:10] [in_common.php][Finding User Role] [username: bulk_unsub][sql: SELECT role FROM user where user_id='bulk_unsub'  AND status > 0 ]
[2022-11-03 16:11:11] [in_common.php][Finding User Role] [username: bulk_unsub][sql: SELECT role FROM user where user_id='bulk_unsub'  AND status > 0 ]
[2022-11-03 16:12:18] [in_common.php][Finding User Role] [username: bulk_unsub][sql: SELECT role FROM user where user_id='bulk_unsub'  AND status > 0 ]
[2022-11-03 16:14:37] [in_common.php][Finding User Role] [username: bulk_unsub][sql: SELECT role FROM user where user_id='bulk_unsub'  AND status > 0 ]
[2022-11-03 16:21:47] [in_common.php][Finding User Role] [username: bulk_unsub][sql: SELECT role FROM user where user_id='bulk_unsub'  AND status > 0 ]
[2022-11-03 16:21:50] [in_common.php][Finding User Role] [username: bulk_unsub][sql: SELECT role FROM user where user_id='bulk_unsub'  AND status > 0 ]
[2022-11-03 16:24:39] [in_common.php][Finding User Role] [username: bulk_unsub][sql: SELECT role FROM user where user_id='bulk_unsub'  AND status > 0 ]
[2022-11-03 16:24:40] [in_common.php][Finding User Role] [username: bulk_unsub][sql: SELECT role FROM user where user_id='bulk_unsub'  AND status > 0 ]
[2022-11-03 16:24:41] [in_common.php][Finding User Role] [username: bulk_unsub][sql: SELECT role FROM user where user_id='bulk_unsub'  AND status > 0 ]
[2022-11-03 16:24:41] [in_common.php][Finding User Role] [username: bulk_unsub][sql: SELECT role FROM user where user_id='bulk_unsub'  AND status > 0 ]
[2022-11-03 16:24:42] [in_common.php][Finding User Role] [username: bulk_unsub][sql: SELECT role FROM user where user_id='bulk_unsub'  AND status > 0 ]
[2022-11-03 16:28:54] [in_common.php][Finding User Role] [username: bulk_unsub][sql: SELECT role FROM user where user_id='bulk_unsub'  AND status > 0 ]
[2022-11-03 16:31:59] [in_common.php][Finding User Role] [username: bulk_unsub][sql: SELECT role FROM user where user_id='bulk_unsub'  AND status > 0 ]
[2022-11-03 18:04:41] [in_common.php][Finding User Role] [username: bulk_unsub][sql: SELECT role FROM user where user_id='bulk_unsub'  AND status > 0 ]
[2022-11-03 18:19:36] [in_common.php][Finding User Role] [username: bulk_unsub][sql: SELECT role FROM user where user_id='bulk_unsub'  AND status > 0 ]
[2022-11-03 18:19:40] [in_common.php][Finding User Role] [username: bulk_unsub][sql: SELECT role FROM user where user_id='bulk_unsub'  AND status > 0 ]
[2022-11-03 18:19:44] [in_common.php][Finding User Role] [username: bulk_unsub][sql: SELECT role FROM user where user_id='bulk_unsub'  AND status > 0 ]
[2022-11-10 11:32:32] [in_common.php][Finding User Role] [username: ][sql: SELECT role FROM user where user_id=''  AND status > 0 ]
[2022-11-10 16:23:31] [in_common.php][Finding User Role] [username: bulk_unsub][sql: SELECT role FROM user where user_id='bulk_unsub'  AND status > 0 ]
[2022-11-14 17:21:53] [in_common.php][Finding User Role] [username: ][sql: SELECT role FROM user where user_id=''  AND status > 0 ]
[2022-11-14 17:21:59] [in_common.php][Finding User Role] [username: bulk_unsub][sql: SELECT role FROM user where user_id='bulk_unsub'  AND status > 0 ]
[2022-11-14 17:22:01] [in_common.php][Finding User Role] [username: bulk_unsub][sql: SELECT role FROM user where user_id='bulk_unsub'  AND status > 0 ]
[2022-11-14 17:23:18] [in_common.php][Finding User Role] [username: bulk_unsub][sql: SELECT role FROM user where user_id='bulk_unsub'  AND status > 0 ]
[2022-11-14 17:28:39] [in_common.php][Finding User Role] [username: bulk_unsub][sql: SELECT role FROM user where user_id='bulk_unsub'  AND status > 0 ]
[2022-11-14 17:44:14] [in_common.php][Finding User Role] [username: bulk_unsub][sql: SELECT role FROM user where user_id='bulk_unsub'  AND status > 0 ]
[2022-11-14 18:04:48] [in_common.php][Finding User Role] [username: bulk_unsub][sql: SELECT role FROM user where user_id='bulk_unsub'  AND status > 0 ]
[2022-11-14 18:18:01] [in_common.php][Finding User Role] [username: bulk_unsub][sql: SELECT role FROM user where user_id='bulk_unsub'  AND status > 0 ]
[2022-11-14 20:30:21] [in_common.php][Finding User Role] [username: bulk_unsub][sql: SELECT role FROM user where user_id='bulk_unsub'  AND status > 0 ]
[2022-11-17 12:08:42] [in_common.php][Finding User Role] [username: ][sql: SELECT role FROM user where user_id=''  AND status > 0 ]
[2022-11-23 16:58:18] [in_common.php][Finding User Role] [username: admin][sql: SELECT role FROM user where user_id='admin'  AND status > 0 ]
[2022-11-23 16:58:26] [in_common.php][Finding User Role] [username: admin][sql: SELECT role FROM user where user_id='admin'  AND status > 0 ]
[2022-11-23 16:58:30] [in_common.php][Finding User Role] [username: admin][sql: SELECT role FROM user where user_id='admin'  AND status > 0 ]
[2022-11-23 16:58:41] [in_common.php][Finding User Role] [username: admin][sql: SELECT role FROM user where user_id='admin'  AND status > 0 ]
[2022-11-23 16:58:54] [in_common.php][Finding User Role] [username: admin][sql: SELECT role FROM user where user_id='admin'  AND status > 0 ]
[2022-11-23 16:58:58] [in_common.php][Finding User Role] [username: admin][sql: SELECT role FROM user where user_id='admin'  AND status > 0 ]
[2022-11-23 16:59:03] [in_common.php][Finding User Role] [username: admin][sql: SELECT role FROM user where user_id='admin'  AND status > 0 ]
[2022-11-23 16:59:05] [in_common.php][Finding User Role] [username: admin][sql: SELECT role FROM user where user_id='admin'  AND status > 0 ]
[2022-11-23 16:59:11] [in_common.php][Finding User Role] [username: admin][sql: SELECT role FROM user where user_id='admin'  AND status > 0 ]
[2022-11-23 16:59:14] [in_common.php][Finding User Role] [username: admin][sql: SELECT role FROM user where user_id='admin'  AND status > 0 ]
[2022-11-23 16:59:19] [in_common.php][Finding User Role] [username: admin][sql: SELECT role FROM user where user_id='admin'  AND status > 0 ]
[2022-11-23 16:59:23] [in_common.php][Finding User Role] [username: admin][sql: SELECT role FROM user where user_id='admin'  AND status > 0 ]
[2022-11-23 16:59:24] [in_common.php][Finding User Role] [username: admin][sql: SELECT role FROM user where user_id='admin'  AND status > 0 ]
[2022-11-23 17:18:17] [in_common.php][Finding User Role] [username: admin][sql: SELECT role FROM user where user_id='admin'  AND status > 0 ]
[2022-11-23 17:18:37] [in_common.php][Finding User Role] [username: admin][sql: SELECT role FROM user where user_id='admin'  AND status > 0 ]
[2022-11-23 17:28:13] [in_common.php][Finding User Role] [username: admin][sql: SELECT role FROM user where user_id='admin'  AND status > 0 ]
[2022-11-23 17:28:24] [in_common.php][Finding User Role] [username: bulk_unsub][sql: SELECT role FROM user where user_id='bulk_unsub'  AND status > 0 ]
[2022-11-23 17:28:25] [in_common.php][Finding User Role] [username: bulk_unsub][sql: SELECT role FROM user where user_id='bulk_unsub'  AND status > 0 ]
[2023-02-03 12:52:22] [in_common.php][Finding User Role] [username: ][sql: SELECT role FROM user where user_id=''  AND status > 0 ]
[2023-02-03 12:52:31] [in_common.php][Finding User Role] [username: admin][sql: SELECT role FROM user where user_id='admin'  AND status > 0 ]
[2023-02-03 12:52:37] [in_common.php][Finding User Role] [username: admin][sql: SELECT role FROM user where user_id='admin'  AND status > 0 ]
[2023-02-03 12:52:46] [in_common.php][Finding User Role] [username: bulk_unsub][sql: SELECT role FROM user where user_id='bulk_unsub'  AND status > 0 ]
[2023-02-03 12:52:49] [in_common.php][Finding User Role] [username: bulk_unsub][sql: SELECT role FROM user where user_id='bulk_unsub'  AND status > 0 ]
[2023-02-10 16:40:08] [in_common.php][Finding User Role] [username: ][sql: SELECT role FROM user where user_id=''  AND status > 0 ]
[2023-02-10 16:40:13] [in_common.php][Finding User Role] [username: bulk_unsub][sql: SELECT role FROM user where user_id='bulk_unsub'  AND status > 0 ]
[2023-02-10 16:40:13] [in_common.php][Finding User Role] [username: bulk_unsub][sql: SELECT role FROM user where user_id='bulk_unsub'  AND status > 0 ]
[2023-02-10 16:46:50] [in_common.php][Finding User Role] [username: bulk_unsub][sql: SELECT role FROM user where user_id='bulk_unsub'  AND status > 0 ]
[2023-02-10 16:51:38] [in_common.php][Finding User Role] [username: bulk_unsub][sql: SELECT role FROM user where user_id='bulk_unsub'  AND status > 0 ]
[2023-02-10 16:52:07] [in_common.php][Finding User Role] [username: bulk_unsub][sql: SELECT role FROM user where user_id='bulk_unsub'  AND status > 0 ]
[2023-02-10 16:52:32] [in_common.php][Finding User Role] [username: bulk_unsub][sql: SELECT role FROM user where user_id='bulk_unsub'  AND status > 0 ]
[2023-02-10 16:52:43] [in_common.php][Finding User Role] [username: bulk_unsub][sql: SELECT role FROM user where user_id='bulk_unsub'  AND status > 0 ]
[2023-02-10 16:52:45] [in_common.php][Finding User Role] [username: bulk_unsub][sql: SELECT role FROM user where user_id='bulk_unsub'  AND status > 0 ]
[2023-02-10 16:54:27] [in_common.php][Finding User Role] [username: bulk_unsub][sql: SELECT role FROM user where user_id='bulk_unsub'  AND status > 0 ]
[2023-02-10 16:54:31] [in_common.php][Finding User Role] [username: bulk_unsub][sql: SELECT role FROM user where user_id='bulk_unsub'  AND status > 0 ]
[2023-02-10 16:58:20] [in_common.php][Finding User Role] [username: bulk_unsub][sql: SELECT role FROM user where user_id='bulk_unsub'  AND status > 0 ]
[2023-02-20 14:29:17] [in_common.php][Finding User Role] [username: ][sql: SELECT role FROM user where user_id=''  AND status > 0 ]
[2023-02-20 14:29:22] [in_common.php][Finding User Role] [username: bulk_unsub][sql: SELECT role FROM user where user_id='bulk_unsub'  AND status > 0 ]
[2023-02-20 14:30:11] [in_common.php][Finding User Role] [username: bulk_unsub][sql: SELECT role FROM user where user_id='bulk_unsub'  AND status > 0 ]
[2023-02-20 14:37:10] [in_common.php][Finding User Role] [username: bulk_unsub][sql: SELECT role FROM user where user_id='bulk_unsub'  AND status > 0 ]
[2023-02-20 14:37:32] [in_common.php][Finding User Role] [username: bulk_unsub][sql: SELECT role FROM user where user_id='bulk_unsub'  AND status > 0 ]
[2023-03-20 12:17:01] [in_common.php][Finding User Role] [username: ][sql: SELECT role FROM user where user_id=''  AND status > 0 ]
[2023-03-20 12:17:05] [in_common.php][Finding User Role] [username: admin][sql: SELECT role FROM user where user_id='admin'  AND status > 0 ]
[2023-03-29 15:05:43] [in_common.php][Finding User Role] [username: ][sql: SELECT role FROM user where user_id=''  AND status > 0 ]
[2023-03-29 15:05:47] [in_common.php][Finding User Role] [username: bulk_unsub][sql: SELECT role FROM user where user_id='bulk_unsub'  AND status > 0 ]
[2023-03-29 15:25:28] [in_common.php][Finding User Role] [username: bulk_unsub][sql: SELECT role FROM user where user_id='bulk_unsub'  AND status > 0 ]
[2023-04-05 11:34:14] [in_common.php][Finding User Role] [username: ][sql: SELECT role FROM user where user_id=''  AND status > 0 ]
[2023-04-05 11:34:19] [in_common.php][Finding User Role] [username: bulk_unsub][sql: SELECT role FROM user where user_id='bulk_unsub'  AND status > 0 ]
[2023-04-05 11:34:21] [in_common.php][Finding User Role] [username: bulk_unsub][sql: SELECT role FROM user where user_id='bulk_unsub'  AND status > 0 ]
[2023-04-05 11:37:20] [in_common.php][Finding User Role] [username: bulk_unsub][sql: SELECT role FROM user where user_id='bulk_unsub'  AND status > 0 ]
[2023-04-05 11:37:57] [in_common.php][Finding User Role] [username: bulk_unsub][sql: SELECT role FROM user where user_id='bulk_unsub'  AND status > 0 ]
[2023-04-05 11:54:54] [in_common.php][Finding User Role] [username: bulk_unsub][sql: SELECT role FROM user where user_id='bulk_unsub'  AND status > 0 ]
[2023-04-05 13:32:41] [in_common.php][Finding User Role] [username: bulk_unsub][sql: SELECT role FROM user where user_id='bulk_unsub'  AND status > 0 ]
[2023-04-05 13:32:49] [in_common.php][Finding User Role] [username: bulk_unsub][sql: SELECT role FROM user where user_id='bulk_unsub'  AND status > 0 ]
[2023-04-05 13:32:54] [in_common.php][Finding User Role] [username: bulk_unsub][sql: SELECT role FROM user where user_id='bulk_unsub'  AND status > 0 ]
[2023-04-05 13:33:14] [in_common.php][Finding User Role] [username: bulk_unsub][sql: SELECT role FROM user where user_id='bulk_unsub'  AND status > 0 ]
[2023-04-05 13:33:17] [in_common.php][Finding User Role] [username: bulk_unsub][sql: SELECT role FROM user where user_id='bulk_unsub'  AND status > 0 ]
[2023-04-05 13:35:19] [in_common.php][Finding User Role] [username: bulk_unsub][sql: SELECT role FROM user where user_id='bulk_unsub'  AND status > 0 ]
[2023-04-05 13:35:42] [in_common.php][Finding User Role] [username: bulk_unsub][sql: SELECT role FROM user where user_id='bulk_unsub'  AND status > 0 ]
[2023-04-05 13:40:36] [in_common.php][Finding User Role] [username: ][sql: SELECT role FROM user where user_id=''  AND status > 0 ]
[2023-04-05 13:42:05] [in_common.php][Finding User Role] [username: ][sql: SELECT role FROM user where user_id=''  AND status > 0 ]
[2023-04-05 13:42:09] [in_common.php][Finding User Role] [username: bulk_unsub][sql: SELECT role FROM user where user_id='bulk_unsub'  AND status > 0 ]
[2023-04-05 14:13:32] [in_common.php][Finding User Role] [username: bulk_unsub][sql: SELECT role FROM user where user_id='bulk_unsub'  AND status > 0 ]
[2023-04-10 23:14:09] [in_common.php][Finding User Role] [username: bulk_unsub][sql: SELECT role FROM user where user_id='bulk_unsub'  AND status > 0 ]
[2023-04-11 00:41:17] [in_common.php][Finding User Role] [username: bulk_unsub][sql: SELECT role FROM user where user_id='bulk_unsub'  AND status > 0 ]
[2023-04-11 00:41:18] [in_common.php][Finding User Role] [username: bulk_unsub][sql: SELECT role FROM user where user_id='bulk_unsub'  AND status > 0 ]
[2023-04-13 13:16:44] [in_common.php][Finding User Role] [username: bulk_unsub][sql: SELECT role FROM user where user_id='bulk_unsub'  AND status > 0 ]
[2023-04-13 13:17:34] [in_common.php][Finding User Role] [username: bulk_unsub][sql: SELECT role FROM user where user_id='bulk_unsub'  AND status > 0 ]
[2023-04-13 13:18:23] [in_common.php][Finding User Role] [username: bulk_unsub][sql: SELECT role FROM user where user_id='bulk_unsub'  AND status > 0 ]
[2023-04-13 13:18:30] [in_common.php][Finding User Role] [username: bulk_unsub][sql: SELECT role FROM user where user_id='bulk_unsub'  AND status > 0 ]
[2023-04-13 13:22:06] [in_common.php][Finding User Role] [username: bulk_unsub][sql: SELECT role FROM user where user_id='bulk_unsub'  AND status > 0 ]
[2023-04-13 13:22:29] [in_common.php][Finding User Role] [username: bulk_unsub][sql: SELECT role FROM user where user_id='bulk_unsub'  AND status > 0 ]
[2023-04-13 13:22:51] [in_common.php][Finding User Role] [username: bulk_unsub][sql: SELECT role FROM user where user_id='bulk_unsub'  AND status > 0 ]
[2023-04-13 13:23:12] [in_common.php][Finding User Role] [username: bulk_unsub][sql: SELECT role FROM user where user_id='bulk_unsub'  AND status > 0 ]
[2023-04-13 13:27:38] [in_common.php][Finding User Role] [username: bulk_unsub][sql: SELECT role FROM user where user_id='bulk_unsub'  AND status > 0 ]
[2023-04-13 13:28:32] [in_common.php][Finding User Role] [username: bulk_unsub][sql: SELECT role FROM user where user_id='bulk_unsub'  AND status > 0 ]
[2023-04-13 13:28:46] [in_common.php][Finding User Role] [username: bulk_unsub][sql: SELECT role FROM user where user_id='bulk_unsub'  AND status > 0 ]
[2023-04-13 14:00:02] [in_common.php][Finding User Role] [username: ][sql: SELECT role FROM user where user_id=''  AND status > 0 ]
[2023-04-13 14:00:05] [in_common.php][Finding User Role] [username: bulk_unsub][sql: SELECT role FROM user where user_id='bulk_unsub'  AND status > 0 ]
